{"/Users/Rosy/Desktop/CS/real-time-chat-app/channels.js": {"path":"/Users/Rosy/Desktop/CS/real-time-chat-app/channels.js","statementMap":{"0":{"start":{"line":4,"column":16},"end":{"line":4,"column":46}},"1":{"start":{"line":6,"column":2},"end":{"line":11,"column":3}},"2":{"start":{"line":7,"column":4},"end":{"line":10,"column":7}},"3":{"start":{"line":15,"column":2},"end":{"line":15,"column":32}},"4":{"start":{"line":19,"column":2},"end":{"line":19,"column":50}},"5":{"start":{"line":23,"column":2},"end":{"line":25,"column":3}},"6":{"start":{"line":24,"column":4},"end":{"line":24,"column":53}},"7":{"start":{"line":27,"column":2},"end":{"line":29,"column":3}},"8":{"start":{"line":28,"column":4},"end":{"line":28,"column":56}},"9":{"start":{"line":31,"column":26},"end":{"line":31,"column":57}},"10":{"start":{"line":32,"column":2},"end":{"line":34,"column":3}},"11":{"start":{"line":33,"column":4},"end":{"line":33,"column":50}},"12":{"start":{"line":36,"column":21},"end":{"line":39,"column":4}},"13":{"start":{"line":41,"column":2},"end":{"line":41,"column":43}}},"fnMap":{"0":{"name":"initializeChannels","decl":{"start":{"line":3,"column":15},"end":{"line":3,"column":33}},"loc":{"start":{"line":3,"column":36},"end":{"line":12,"column":1}},"line":3},"1":{"name":"getChannels","decl":{"start":{"line":14,"column":15},"end":{"line":14,"column":26}},"loc":{"start":{"line":14,"column":29},"end":{"line":16,"column":1}},"line":14},"2":{"name":"getChannel","decl":{"start":{"line":18,"column":15},"end":{"line":18,"column":25}},"loc":{"start":{"line":18,"column":37},"end":{"line":20,"column":1}},"line":18},"3":{"name":"createChannel","decl":{"start":{"line":22,"column":15},"end":{"line":22,"column":28}},"loc":{"start":{"line":22,"column":45},"end":{"line":42,"column":1}},"line":22}},"branchMap":{"0":{"loc":{"start":{"line":6,"column":2},"end":{"line":11,"column":3}},"type":"if","locations":[{"start":{"line":6,"column":2},"end":{"line":11,"column":3}},{"start":{},"end":{}}],"line":6},"1":{"loc":{"start":{"line":23,"column":2},"end":{"line":25,"column":3}},"type":"if","locations":[{"start":{"line":23,"column":2},"end":{"line":25,"column":3}},{"start":{},"end":{}}],"line":23},"2":{"loc":{"start":{"line":27,"column":2},"end":{"line":29,"column":3}},"type":"if","locations":[{"start":{"line":27,"column":2},"end":{"line":29,"column":3}},{"start":{},"end":{}}],"line":27},"3":{"loc":{"start":{"line":32,"column":2},"end":{"line":34,"column":3}},"type":"if","locations":[{"start":{"line":32,"column":2},"end":{"line":34,"column":3}},{"start":{},"end":{}}],"line":32}},"s":{"0":0,"1":0,"2":0,"3":0,"4":0,"5":0,"6":0,"7":0,"8":0,"9":0,"10":0,"11":0,"12":0,"13":0},"f":{"0":0,"1":0,"2":0,"3":0},"b":{"0":[0,0],"1":[0,0],"2":[0,0],"3":[0,0]},"inputSourceMap":null,"_coverageSchema":"1a1c01bbd47fc00a2c39e90264f33305004495a9","hash":"e35de73ef5abf4833fdad91eb6fc8923983d225a"}
,"/Users/Rosy/Desktop/CS/real-time-chat-app/db.js": {"path":"/Users/Rosy/Desktop/CS/real-time-chat-app/db.js","statementMap":{"0":{"start":{"line":3,"column":18},"end":{"line":12,"column":1}},"1":{"start":{"line":4,"column":2},"end":{"line":11,"column":3}},"2":{"start":{"line":5,"column":17},"end":{"line":5,"column":76}},"3":{"start":{"line":6,"column":4},"end":{"line":6,"column":62}},"4":{"start":{"line":7,"column":4},"end":{"line":7,"column":16}},"5":{"start":{"line":9,"column":4},"end":{"line":9,"column":45}},"6":{"start":{"line":10,"column":4},"end":{"line":10,"column":20}}},"fnMap":{"0":{"name":"(anonymous_0)","decl":{"start":{"line":3,"column":18},"end":{"line":3,"column":19}},"loc":{"start":{"line":3,"column":30},"end":{"line":12,"column":1}},"line":3}},"branchMap":{},"s":{"0":0,"1":0,"2":0,"3":0,"4":0,"5":0,"6":0},"f":{"0":0},"b":{},"inputSourceMap":null}
,"/Users/Rosy/Desktop/CS/real-time-chat-app/emoji.js": {"path":"/Users/Rosy/Desktop/CS/real-time-chat-app/emoji.js","statementMap":{"0":{"start":{"line":1,"column":21},"end":{"line":8,"column":3}},"1":{"start":{"line":10,"column":34},"end":{"line":10,"column":52}}},"fnMap":{},"branchMap":{},"s":{"0":1,"1":1},"f":{},"b":{},"inputSourceMap":null,"_coverageSchema":"1a1c01bbd47fc00a2c39e90264f33305004495a9","hash":"dbbe7d5f92c154c1206560d97f6a120e336de752"}
,"/Users/Rosy/Desktop/CS/real-time-chat-app/messages.js": {"path":"/Users/Rosy/Desktop/CS/real-time-chat-app/messages.js","statementMap":{"0":{"start":{"line":7,"column":2},"end":{"line":7,"column":24}},"1":{"start":{"line":7,"column":12},"end":{"line":7,"column":24}},"2":{"start":{"line":8,"column":14},"end":{"line":8,"column":56}},"3":{"start":{"line":9,"column":2},"end":{"line":11,"column":3}},"4":{"start":{"line":10,"column":4},"end":{"line":10,"column":32}},"5":{"start":{"line":12,"column":2},"end":{"line":12,"column":13}},"6":{"start":{"line":16,"column":2},"end":{"line":35,"column":3}},"7":{"start":{"line":17,"column":4},"end":{"line":17,"column":58}},"8":{"start":{"line":17,"column":46},"end":{"line":17,"column":58}},"9":{"start":{"line":18,"column":4},"end":{"line":18,"column":39}},"10":{"start":{"line":18,"column":27},"end":{"line":18,"column":39}},"11":{"start":{"line":19,"column":4},"end":{"line":22,"column":5}},"12":{"start":{"line":20,"column":6},"end":{"line":20,"column":49}},"13":{"start":{"line":21,"column":6},"end":{"line":21,"column":18}},"14":{"start":{"line":23,"column":20},"end":{"line":29,"column":5}},"15":{"start":{"line":30,"column":4},"end":{"line":30,"column":30}},"16":{"start":{"line":30,"column":18},"end":{"line":30,"column":30}},"17":{"start":{"line":31,"column":4},"end":{"line":31,"column":37}},"18":{"start":{"line":33,"column":4},"end":{"line":33,"column":49}},"19":{"start":{"line":34,"column":4},"end":{"line":34,"column":16}},"20":{"start":{"line":39,"column":2},"end":{"line":67,"column":3}},"21":{"start":{"line":40,"column":4},"end":{"line":40,"column":58}},"22":{"start":{"line":40,"column":46},"end":{"line":40,"column":58}},"23":{"start":{"line":41,"column":4},"end":{"line":41,"column":39}},"24":{"start":{"line":41,"column":27},"end":{"line":41,"column":39}},"25":{"start":{"line":42,"column":4},"end":{"line":45,"column":5}},"26":{"start":{"line":43,"column":6},"end":{"line":43,"column":49}},"27":{"start":{"line":44,"column":6},"end":{"line":44,"column":18}},"28":{"start":{"line":46,"column":18},"end":{"line":52,"column":5}},"29":{"start":{"line":53,"column":4},"end":{"line":53,"column":30}},"30":{"start":{"line":53,"column":18},"end":{"line":53,"column":30}},"31":{"start":{"line":54,"column":4},"end":{"line":62,"column":5}},"32":{"start":{"line":55,"column":6},"end":{"line":61,"column":8}},"33":{"start":{"line":63,"column":4},"end":{"line":63,"column":37}},"34":{"start":{"line":65,"column":4},"end":{"line":65,"column":51}},"35":{"start":{"line":66,"column":4},"end":{"line":66,"column":16}},"36":{"start":{"line":71,"column":93},"end":{"line":71,"column":100}},"37":{"start":{"line":72,"column":22},"end":{"line":72,"column":39}},"38":{"start":{"line":73,"column":18},"end":{"line":81,"column":4}},"39":{"start":{"line":82,"column":2},"end":{"line":82,"column":35}},"40":{"start":{"line":86,"column":2},"end":{"line":93,"column":3}},"41":{"start":{"line":87,"column":4},"end":{"line":87,"column":58}},"42":{"start":{"line":87,"column":46},"end":{"line":87,"column":58}},"43":{"start":{"line":88,"column":20},"end":{"line":88,"column":46}},"44":{"start":{"line":89,"column":4},"end":{"line":89,"column":37}},"45":{"start":{"line":91,"column":4},"end":{"line":91,"column":49}},"46":{"start":{"line":92,"column":4},"end":{"line":92,"column":16}},"47":{"start":{"line":97,"column":2},"end":{"line":104,"column":3}},"48":{"start":{"line":98,"column":18},"end":{"line":99,"column":30}},"49":{"start":{"line":100,"column":4},"end":{"line":100,"column":53}},"50":{"start":{"line":100,"column":29},"end":{"line":100,"column":51}},"51":{"start":{"line":102,"column":4},"end":{"line":102,"column":47}},"52":{"start":{"line":103,"column":4},"end":{"line":103,"column":14}},"53":{"start":{"line":108,"column":2},"end":{"line":118,"column":3}},"54":{"start":{"line":109,"column":4},"end":{"line":109,"column":57}},"55":{"start":{"line":109,"column":47},"end":{"line":109,"column":57}},"56":{"start":{"line":110,"column":17},"end":{"line":110,"column":44}},"57":{"start":{"line":111,"column":4},"end":{"line":111,"column":25}},"58":{"start":{"line":111,"column":15},"end":{"line":111,"column":25}},"59":{"start":{"line":112,"column":20},"end":{"line":113,"column":29}},"60":{"start":{"line":114,"column":4},"end":{"line":114,"column":64}},"61":{"start":{"line":114,"column":41},"end":{"line":114,"column":62}},"62":{"start":{"line":116,"column":4},"end":{"line":116,"column":48}},"63":{"start":{"line":117,"column":4},"end":{"line":117,"column":14}},"64":{"start":{"line":122,"column":52},"end":{"line":122,"column":59}},"65":{"start":{"line":123,"column":2},"end":{"line":146,"column":3}},"66":{"start":{"line":124,"column":4},"end":{"line":124,"column":73}},"67":{"start":{"line":124,"column":61},"end":{"line":124,"column":73}},"68":{"start":{"line":125,"column":28},"end":{"line":125,"column":69}},"69":{"start":{"line":126,"column":4},"end":{"line":126,"column":38}},"70":{"start":{"line":126,"column":26},"end":{"line":126,"column":38}},"71":{"start":{"line":127,"column":24},"end":{"line":127,"column":45}},"72":{"start":{"line":128,"column":29},"end":{"line":141,"column":5}},"73":{"start":{"line":142,"column":4},"end":{"line":142,"column":28}},"74":{"start":{"line":144,"column":4},"end":{"line":144,"column":52}},"75":{"start":{"line":145,"column":4},"end":{"line":145,"column":16}},"76":{"start":{"line":150,"column":2},"end":{"line":162,"column":3}},"77":{"start":{"line":151,"column":4},"end":{"line":151,"column":58}},"78":{"start":{"line":151,"column":46},"end":{"line":151,"column":58}},"79":{"start":{"line":152,"column":20},"end":{"line":152,"column":46}},"80":{"start":{"line":153,"column":4},"end":{"line":153,"column":30}},"81":{"start":{"line":153,"column":18},"end":{"line":153,"column":30}},"82":{"start":{"line":154,"column":4},"end":{"line":154,"column":74}},"83":{"start":{"line":154,"column":39},"end":{"line":154,"column":74}},"84":{"start":{"line":155,"column":4},"end":{"line":155,"column":24}},"85":{"start":{"line":156,"column":4},"end":{"line":156,"column":26}},"86":{"start":{"line":157,"column":4},"end":{"line":157,"column":25}},"87":{"start":{"line":158,"column":4},"end":{"line":158,"column":37}},"88":{"start":{"line":160,"column":4},"end":{"line":160,"column":50}},"89":{"start":{"line":161,"column":4},"end":{"line":161,"column":16}}},"fnMap":{"0":{"name":"documentToObject","decl":{"start":{"line":6,"column":9},"end":{"line":6,"column":25}},"loc":{"start":{"line":6,"column":31},"end":{"line":13,"column":1}},"line":6},"1":{"name":"addReaction","decl":{"start":{"line":15,"column":15},"end":{"line":15,"column":26}},"loc":{"start":{"line":15,"column":46},"end":{"line":36,"column":1}},"line":15},"2":{"name":"removeReaction","decl":{"start":{"line":38,"column":15},"end":{"line":38,"column":29}},"loc":{"start":{"line":38,"column":49},"end":{"line":68,"column":1}},"line":38},"3":{"name":"addMessage","decl":{"start":{"line":70,"column":15},"end":{"line":70,"column":25}},"loc":{"start":{"line":70,"column":56},"end":{"line":83,"column":1}},"line":70},"4":{"name":"getMessage","decl":{"start":{"line":85,"column":15},"end":{"line":85,"column":25}},"loc":{"start":{"line":85,"column":30},"end":{"line":94,"column":1}},"line":85},"5":{"name":"listRoots","decl":{"start":{"line":96,"column":15},"end":{"line":96,"column":24}},"loc":{"start":{"line":96,"column":47},"end":{"line":105,"column":1}},"line":96},"6":{"name":"(anonymous_6)","decl":{"start":{"line":100,"column":21},"end":{"line":100,"column":22}},"loc":{"start":{"line":100,"column":29},"end":{"line":100,"column":51}},"line":100},"7":{"name":"listThread","decl":{"start":{"line":107,"column":15},"end":{"line":107,"column":25}},"loc":{"start":{"line":107,"column":31},"end":{"line":119,"column":1}},"line":107},"8":{"name":"(anonymous_8)","decl":{"start":{"line":114,"column":34},"end":{"line":114,"column":35}},"loc":{"start":{"line":114,"column":41},"end":{"line":114,"column":62}},"line":114},"9":{"name":"forwardMessage","decl":{"start":{"line":121,"column":15},"end":{"line":121,"column":29}},"loc":{"start":{"line":121,"column":87},"end":{"line":147,"column":1}},"line":121},"10":{"name":"updateMessage","decl":{"start":{"line":149,"column":15},"end":{"line":149,"column":28}},"loc":{"start":{"line":149,"column":49},"end":{"line":163,"column":1}},"line":149}},"branchMap":{"0":{"loc":{"start":{"line":7,"column":2},"end":{"line":7,"column":24}},"type":"if","locations":[{"start":{"line":7,"column":2},"end":{"line":7,"column":24}},{"start":{},"end":{}}],"line":7},"1":{"loc":{"start":{"line":8,"column":14},"end":{"line":8,"column":56}},"type":"cond-expr","locations":[{"start":{"line":8,"column":29},"end":{"line":8,"column":43}},{"start":{"line":8,"column":46},"end":{"line":8,"column":56}}],"line":8},"2":{"loc":{"start":{"line":9,"column":2},"end":{"line":11,"column":3}},"type":"if","locations":[{"start":{"line":9,"column":2},"end":{"line":11,"column":3}},{"start":{},"end":{}}],"line":9},"3":{"loc":{"start":{"line":9,"column":6},"end":{"line":9,"column":24}},"type":"binary-expr","locations":[{"start":{"line":9,"column":6},"end":{"line":9,"column":13}},{"start":{"line":9,"column":17},"end":{"line":9,"column":24}}],"line":9},"4":{"loc":{"start":{"line":17,"column":4},"end":{"line":17,"column":58}},"type":"if","locations":[{"start":{"line":17,"column":4},"end":{"line":17,"column":58}},{"start":{},"end":{}}],"line":17},"5":{"loc":{"start":{"line":18,"column":4},"end":{"line":18,"column":39}},"type":"if","locations":[{"start":{"line":18,"column":4},"end":{"line":18,"column":39}},{"start":{},"end":{}}],"line":18},"6":{"loc":{"start":{"line":18,"column":8},"end":{"line":18,"column":25}},"type":"binary-expr","locations":[{"start":{"line":18,"column":8},"end":{"line":18,"column":17}},{"start":{"line":18,"column":21},"end":{"line":18,"column":25}}],"line":18},"7":{"loc":{"start":{"line":19,"column":4},"end":{"line":22,"column":5}},"type":"if","locations":[{"start":{"line":19,"column":4},"end":{"line":22,"column":5}},{"start":{},"end":{}}],"line":19},"8":{"loc":{"start":{"line":30,"column":4},"end":{"line":30,"column":30}},"type":"if","locations":[{"start":{"line":30,"column":4},"end":{"line":30,"column":30}},{"start":{},"end":{}}],"line":30},"9":{"loc":{"start":{"line":40,"column":4},"end":{"line":40,"column":58}},"type":"if","locations":[{"start":{"line":40,"column":4},"end":{"line":40,"column":58}},{"start":{},"end":{}}],"line":40},"10":{"loc":{"start":{"line":41,"column":4},"end":{"line":41,"column":39}},"type":"if","locations":[{"start":{"line":41,"column":4},"end":{"line":41,"column":39}},{"start":{},"end":{}}],"line":41},"11":{"loc":{"start":{"line":41,"column":8},"end":{"line":41,"column":25}},"type":"binary-expr","locations":[{"start":{"line":41,"column":8},"end":{"line":41,"column":17}},{"start":{"line":41,"column":21},"end":{"line":41,"column":25}}],"line":41},"12":{"loc":{"start":{"line":42,"column":4},"end":{"line":45,"column":5}},"type":"if","locations":[{"start":{"line":42,"column":4},"end":{"line":45,"column":5}},{"start":{},"end":{}}],"line":42},"13":{"loc":{"start":{"line":53,"column":4},"end":{"line":53,"column":30}},"type":"if","locations":[{"start":{"line":53,"column":4},"end":{"line":53,"column":30}},{"start":{},"end":{}}],"line":53},"14":{"loc":{"start":{"line":54,"column":4},"end":{"line":62,"column":5}},"type":"if","locations":[{"start":{"line":54,"column":4},"end":{"line":62,"column":5}},{"start":{},"end":{}}],"line":54},"15":{"loc":{"start":{"line":70,"column":42},"end":{"line":70,"column":54}},"type":"default-arg","locations":[{"start":{"line":70,"column":52},"end":{"line":70,"column":54}}],"line":70},"16":{"loc":{"start":{"line":71,"column":10},"end":{"line":71,"column":25}},"type":"default-arg","locations":[{"start":{"line":71,"column":21},"end":{"line":71,"column":25}}],"line":71},"17":{"loc":{"start":{"line":71,"column":27},"end":{"line":71,"column":42}},"type":"default-arg","locations":[{"start":{"line":71,"column":38},"end":{"line":71,"column":42}}],"line":71},"18":{"loc":{"start":{"line":71,"column":44},"end":{"line":71,"column":64}},"type":"default-arg","locations":[{"start":{"line":71,"column":56},"end":{"line":71,"column":64}}],"line":71},"19":{"loc":{"start":{"line":71,"column":66},"end":{"line":71,"column":88}},"type":"default-arg","locations":[{"start":{"line":71,"column":84},"end":{"line":71,"column":88}}],"line":71},"20":{"loc":{"start":{"line":87,"column":4},"end":{"line":87,"column":58}},"type":"if","locations":[{"start":{"line":87,"column":4},"end":{"line":87,"column":58}},{"start":{},"end":{}}],"line":87},"21":{"loc":{"start":{"line":96,"column":25},"end":{"line":96,"column":45}},"type":"default-arg","locations":[{"start":{"line":96,"column":37},"end":{"line":96,"column":45}}],"line":96},"22":{"loc":{"start":{"line":109,"column":4},"end":{"line":109,"column":57}},"type":"if","locations":[{"start":{"line":109,"column":4},"end":{"line":109,"column":57}},{"start":{},"end":{}}],"line":109},"23":{"loc":{"start":{"line":111,"column":4},"end":{"line":111,"column":25}},"type":"if","locations":[{"start":{"line":111,"column":4},"end":{"line":111,"column":25}},{"start":{},"end":{}}],"line":111},"24":{"loc":{"start":{"line":121,"column":59},"end":{"line":121,"column":71}},"type":"default-arg","locations":[{"start":{"line":121,"column":69},"end":{"line":121,"column":71}}],"line":121},"25":{"loc":{"start":{"line":121,"column":73},"end":{"line":121,"column":85}},"type":"default-arg","locations":[{"start":{"line":121,"column":83},"end":{"line":121,"column":85}}],"line":121},"26":{"loc":{"start":{"line":122,"column":10},"end":{"line":122,"column":30}},"type":"default-arg","locations":[{"start":{"line":122,"column":22},"end":{"line":122,"column":30}}],"line":122},"27":{"loc":{"start":{"line":122,"column":32},"end":{"line":122,"column":47}},"type":"default-arg","locations":[{"start":{"line":122,"column":43},"end":{"line":122,"column":47}}],"line":122},"28":{"loc":{"start":{"line":124,"column":4},"end":{"line":124,"column":73}},"type":"if","locations":[{"start":{"line":124,"column":4},"end":{"line":124,"column":73}},{"start":{},"end":{}}],"line":124},"29":{"loc":{"start":{"line":126,"column":4},"end":{"line":126,"column":38}},"type":"if","locations":[{"start":{"line":126,"column":4},"end":{"line":126,"column":38}},{"start":{},"end":{}}],"line":126},"30":{"loc":{"start":{"line":127,"column":24},"end":{"line":127,"column":45}},"type":"binary-expr","locations":[{"start":{"line":127,"column":24},"end":{"line":127,"column":38}},{"start":{"line":127,"column":42},"end":{"line":127,"column":45}}],"line":127},"31":{"loc":{"start":{"line":151,"column":4},"end":{"line":151,"column":58}},"type":"if","locations":[{"start":{"line":151,"column":4},"end":{"line":151,"column":58}},{"start":{},"end":{}}],"line":151},"32":{"loc":{"start":{"line":153,"column":4},"end":{"line":153,"column":30}},"type":"if","locations":[{"start":{"line":153,"column":4},"end":{"line":153,"column":30}},{"start":{},"end":{}}],"line":153},"33":{"loc":{"start":{"line":154,"column":4},"end":{"line":154,"column":74}},"type":"if","locations":[{"start":{"line":154,"column":4},"end":{"line":154,"column":74}},{"start":{},"end":{}}],"line":154}},"s":{"0":0,"1":0,"2":0,"3":0,"4":0,"5":0,"6":0,"7":0,"8":0,"9":0,"10":0,"11":0,"12":0,"13":0,"14":0,"15":0,"16":0,"17":0,"18":0,"19":0,"20":0,"21":0,"22":0,"23":0,"24":0,"25":0,"26":0,"27":0,"28":0,"29":0,"30":0,"31":0,"32":0,"33":0,"34":0,"35":0,"36":0,"37":0,"38":0,"39":0,"40":0,"41":0,"42":0,"43":0,"44":0,"45":0,"46":0,"47":0,"48":0,"49":0,"50":0,"51":0,"52":0,"53":0,"54":0,"55":0,"56":0,"57":0,"58":0,"59":0,"60":0,"61":0,"62":0,"63":0,"64":0,"65":0,"66":0,"67":0,"68":0,"69":0,"70":0,"71":0,"72":0,"73":0,"74":0,"75":0,"76":0,"77":0,"78":0,"79":0,"80":0,"81":0,"82":0,"83":0,"84":0,"85":0,"86":0,"87":0,"88":0,"89":0},"f":{"0":0,"1":0,"2":0,"3":0,"4":0,"5":0,"6":0,"7":0,"8":0,"9":0,"10":0},"b":{"0":[0,0],"1":[0,0],"2":[0,0],"3":[0,0],"4":[0,0],"5":[0,0],"6":[0,0],"7":[0,0],"8":[0,0],"9":[0,0],"10":[0,0],"11":[0,0],"12":[0,0],"13":[0,0],"14":[0,0],"15":[0],"16":[0],"17":[0],"18":[0],"19":[0],"20":[0,0],"21":[0],"22":[0,0],"23":[0,0],"24":[0],"25":[0],"26":[0],"27":[0],"28":[0,0],"29":[0,0],"30":[0,0],"31":[0,0],"32":[0,0],"33":[0,0]},"inputSourceMap":null,"_coverageSchema":"1a1c01bbd47fc00a2c39e90264f33305004495a9","hash":"e97478f0e61281f6055faaf8a418be518fe72dcf"}
,"/Users/Rosy/Desktop/CS/real-time-chat-app/server.js": {"path":"/Users/Rosy/Desktop/CS/real-time-chat-app/server.js","statementMap":{"0":{"start":{"line":12,"column":0},"end":{"line":16,"column":3}},"1":{"start":{"line":13,"column":2},"end":{"line":13,"column":23}},"2":{"start":{"line":15,"column":2},"end":{"line":15,"column":91}},"3":{"start":{"line":15,"column":32},"end":{"line":15,"column":89}},"4":{"start":{"line":19,"column":2},"end":{"line":30,"column":3}},"5":{"start":{"line":21,"column":24},"end":{"line":21,"column":57}},"6":{"start":{"line":22,"column":4},"end":{"line":25,"column":5}},"7":{"start":{"line":23,"column":6},"end":{"line":23,"column":36}},"8":{"start":{"line":24,"column":6},"end":{"line":24,"column":40}},"9":{"start":{"line":27,"column":4},"end":{"line":27,"column":40}},"10":{"start":{"line":29,"column":4},"end":{"line":29,"column":57}},"11":{"start":{"line":33,"column":0},"end":{"line":33,"column":21}},"12":{"start":{"line":35,"column":12},"end":{"line":35,"column":21}},"13":{"start":{"line":36,"column":13},"end":{"line":36,"column":37}},"14":{"start":{"line":39,"column":19},"end":{"line":39,"column":36}},"15":{"start":{"line":42,"column":11},"end":{"line":47,"column":2}},"16":{"start":{"line":49,"column":0},"end":{"line":49,"column":24}},"17":{"start":{"line":50,"column":0},"end":{"line":50,"column":24}},"18":{"start":{"line":53,"column":14},"end":{"line":53,"column":29}},"19":{"start":{"line":54,"column":15},"end":{"line":54,"column":56}},"20":{"start":{"line":55,"column":2},"end":{"line":58,"column":3}},"21":{"start":{"line":56,"column":4},"end":{"line":56,"column":42}},"22":{"start":{"line":57,"column":4},"end":{"line":57,"column":59}},"23":{"start":{"line":59,"column":2},"end":{"line":59,"column":22}},"24":{"start":{"line":60,"column":2},"end":{"line":60,"column":9}},"25":{"start":{"line":64,"column":0},"end":{"line":78,"column":3}},"26":{"start":{"line":65,"column":14},"end":{"line":65,"column":39}},"27":{"start":{"line":66,"column":2},"end":{"line":68,"column":3}},"28":{"start":{"line":67,"column":4},"end":{"line":67,"column":53}},"29":{"start":{"line":70,"column":19},"end":{"line":70,"column":53}},"30":{"start":{"line":71,"column":2},"end":{"line":73,"column":3}},"31":{"start":{"line":72,"column":4},"end":{"line":72,"column":49}},"32":{"start":{"line":75,"column":2},"end":{"line":75,"column":60}},"33":{"start":{"line":76,"column":2},"end":{"line":76,"column":29}},"34":{"start":{"line":77,"column":2},"end":{"line":77,"column":9}},"35":{"start":{"line":81,"column":0},"end":{"line":114,"column":3}},"36":{"start":{"line":82,"column":2},"end":{"line":82,"column":51}},"37":{"start":{"line":85,"column":2},"end":{"line":85,"column":24}},"38":{"start":{"line":88,"column":2},"end":{"line":88,"column":41}},"39":{"start":{"line":91,"column":22},"end":{"line":91,"column":50}},"40":{"start":{"line":92,"column":2},"end":{"line":94,"column":5}},"41":{"start":{"line":93,"column":4},"end":{"line":93,"column":41}},"42":{"start":{"line":97,"column":15},"end":{"line":97,"column":43}},"43":{"start":{"line":98,"column":2},"end":{"line":98,"column":33}},"44":{"start":{"line":100,"column":2},"end":{"line":105,"column":5}},"45":{"start":{"line":101,"column":4},"end":{"line":101,"column":56}},"46":{"start":{"line":102,"column":4},"end":{"line":104,"column":7}},"47":{"start":{"line":103,"column":8},"end":{"line":103,"column":42}},"48":{"start":{"line":107,"column":2},"end":{"line":109,"column":5}},"49":{"start":{"line":108,"column":4},"end":{"line":108,"column":40}},"50":{"start":{"line":111,"column":2},"end":{"line":113,"column":5}},"51":{"start":{"line":112,"column":4},"end":{"line":112,"column":38}},"52":{"start":{"line":116,"column":0},"end":{"line":144,"column":3}},"53":{"start":{"line":117,"column":25},"end":{"line":117,"column":33}},"54":{"start":{"line":119,"column":4},"end":{"line":122,"column":5}},"55":{"start":{"line":120,"column":6},"end":{"line":120,"column":59}},"56":{"start":{"line":121,"column":6},"end":{"line":121,"column":13}},"57":{"start":{"line":124,"column":4},"end":{"line":127,"column":5}},"58":{"start":{"line":125,"column":8},"end":{"line":125,"column":60}},"59":{"start":{"line":126,"column":8},"end":{"line":126,"column":15}},"60":{"start":{"line":129,"column":4},"end":{"line":132,"column":5}},"61":{"start":{"line":130,"column":8},"end":{"line":130,"column":61}},"62":{"start":{"line":131,"column":8},"end":{"line":131,"column":15}},"63":{"start":{"line":134,"column":19},"end":{"line":134,"column":49}},"64":{"start":{"line":135,"column":4},"end":{"line":142,"column":5}},"65":{"start":{"line":136,"column":18},"end":{"line":139,"column":21}},"66":{"start":{"line":140,"column":6},"end":{"line":140,"column":55}},"67":{"start":{"line":141,"column":6},"end":{"line":141,"column":13}},"68":{"start":{"line":143,"column":4},"end":{"line":143,"column":27}},"69":{"start":{"line":146,"column":0},"end":{"line":172,"column":3}},"70":{"start":{"line":147,"column":23},"end":{"line":147,"column":31}},"71":{"start":{"line":149,"column":4},"end":{"line":152,"column":5}},"72":{"start":{"line":150,"column":4},"end":{"line":150,"column":57}},"73":{"start":{"line":151,"column":4},"end":{"line":151,"column":11}},"74":{"start":{"line":154,"column":4},"end":{"line":157,"column":5}},"75":{"start":{"line":155,"column":7},"end":{"line":155,"column":58}},"76":{"start":{"line":156,"column":7},"end":{"line":156,"column":14}},"77":{"start":{"line":159,"column":4},"end":{"line":162,"column":6}},"78":{"start":{"line":160,"column":7},"end":{"line":160,"column":61}},"79":{"start":{"line":161,"column":7},"end":{"line":161,"column":14}},"80":{"start":{"line":164,"column":4},"end":{"line":167,"column":5}},"81":{"start":{"line":165,"column":8},"end":{"line":165,"column":61}},"82":{"start":{"line":166,"column":8},"end":{"line":166,"column":15}},"83":{"start":{"line":169,"column":14},"end":{"line":169,"column":49}},"84":{"start":{"line":170,"column":2},"end":{"line":170,"column":25}},"85":{"start":{"line":171,"column":2},"end":{"line":171,"column":25}},"86":{"start":{"line":174,"column":0},"end":{"line":174,"column":32}},"87":{"start":{"line":176,"column":0},"end":{"line":179,"column":3}},"88":{"start":{"line":177,"column":15},"end":{"line":177,"column":60}},"89":{"start":{"line":178,"column":2},"end":{"line":178,"column":45}},"90":{"start":{"line":181,"column":0},"end":{"line":185,"column":3}},"91":{"start":{"line":182,"column":2},"end":{"line":182,"column":48}},"92":{"start":{"line":183,"column":2},"end":{"line":183,"column":25}},"93":{"start":{"line":184,"column":2},"end":{"line":184,"column":34}},"94":{"start":{"line":187,"column":0},"end":{"line":190,"column":3}},"95":{"start":{"line":188,"column":20},"end":{"line":188,"column":48}},"96":{"start":{"line":189,"column":2},"end":{"line":189,"column":22}},"97":{"start":{"line":193,"column":0},"end":{"line":219,"column":3}},"98":{"start":{"line":194,"column":18},"end":{"line":194,"column":26}},"99":{"start":{"line":195,"column":18},"end":{"line":195,"column":78}},"100":{"start":{"line":196,"column":2},"end":{"line":199,"column":3}},"101":{"start":{"line":197,"column":4},"end":{"line":197,"column":47}},"102":{"start":{"line":198,"column":4},"end":{"line":198,"column":11}},"103":{"start":{"line":202,"column":2},"end":{"line":216,"column":3}},"104":{"start":{"line":204,"column":29},"end":{"line":204,"column":98}},"105":{"start":{"line":205,"column":4},"end":{"line":207,"column":5}},"106":{"start":{"line":206,"column":6},"end":{"line":206,"column":60}},"107":{"start":{"line":208,"column":4},"end":{"line":208,"column":83}},"108":{"start":{"line":211,"column":29},"end":{"line":211,"column":98}},"109":{"start":{"line":212,"column":4},"end":{"line":214,"column":5}},"110":{"start":{"line":213,"column":6},"end":{"line":213,"column":60}},"111":{"start":{"line":215,"column":4},"end":{"line":215,"column":97}},"112":{"start":{"line":218,"column":2},"end":{"line":218,"column":20}},"113":{"start":{"line":221,"column":0},"end":{"line":245,"column":3}},"114":{"start":{"line":222,"column":18},"end":{"line":222,"column":92}},"115":{"start":{"line":223,"column":2},"end":{"line":226,"column":3}},"116":{"start":{"line":224,"column":4},"end":{"line":224,"column":47}},"117":{"start":{"line":225,"column":4},"end":{"line":225,"column":11}},"118":{"start":{"line":229,"column":2},"end":{"line":243,"column":3}},"119":{"start":{"line":231,"column":29},"end":{"line":231,"column":98}},"120":{"start":{"line":232,"column":4},"end":{"line":234,"column":5}},"121":{"start":{"line":233,"column":6},"end":{"line":233,"column":60}},"122":{"start":{"line":235,"column":4},"end":{"line":235,"column":83}},"123":{"start":{"line":238,"column":29},"end":{"line":238,"column":98}},"124":{"start":{"line":239,"column":4},"end":{"line":241,"column":5}},"125":{"start":{"line":240,"column":6},"end":{"line":240,"column":60}},"126":{"start":{"line":242,"column":4},"end":{"line":242,"column":97}},"127":{"start":{"line":244,"column":2},"end":{"line":244,"column":20}},"128":{"start":{"line":248,"column":0},"end":{"line":262,"column":3}},"129":{"start":{"line":249,"column":20},"end":{"line":249,"column":51}},"130":{"start":{"line":251,"column":14},"end":{"line":251,"column":49}},"131":{"start":{"line":254,"column":2},"end":{"line":259,"column":6}},"132":{"start":{"line":255,"column":19},"end":{"line":255,"column":54}},"133":{"start":{"line":256,"column":20},"end":{"line":256,"column":80}},"134":{"start":{"line":257,"column":4},"end":{"line":257,"column":40}},"135":{"start":{"line":258,"column":4},"end":{"line":258,"column":57}},"136":{"start":{"line":261,"column":2},"end":{"line":261,"column":18}},"137":{"start":{"line":264,"column":0},"end":{"line":287,"column":3}},"138":{"start":{"line":265,"column":14},"end":{"line":265,"column":28}},"139":{"start":{"line":266,"column":2},"end":{"line":268,"column":3}},"140":{"start":{"line":267,"column":4},"end":{"line":267,"column":58}},"141":{"start":{"line":270,"column":15},"end":{"line":270,"column":45}},"142":{"start":{"line":271,"column":2},"end":{"line":273,"column":3}},"143":{"start":{"line":272,"column":4},"end":{"line":272,"column":59}},"144":{"start":{"line":274,"column":29},"end":{"line":274,"column":33}},"145":{"start":{"line":277,"column":18},"end":{"line":277,"column":78}},"146":{"start":{"line":278,"column":2},"end":{"line":278,"column":38}},"147":{"start":{"line":280,"column":21},"end":{"line":284,"column":4}},"148":{"start":{"line":281,"column":21},"end":{"line":281,"column":84}},"149":{"start":{"line":282,"column":4},"end":{"line":282,"column":42}},"150":{"start":{"line":283,"column":4},"end":{"line":283,"column":20}},"151":{"start":{"line":286,"column":2},"end":{"line":286,"column":51}},"152":{"start":{"line":289,"column":0},"end":{"line":302,"column":3}},"153":{"start":{"line":290,"column":41},"end":{"line":290,"column":49}},"154":{"start":{"line":292,"column":2},"end":{"line":294,"column":3}},"155":{"start":{"line":293,"column":4},"end":{"line":293,"column":63}},"156":{"start":{"line":296,"column":14},"end":{"line":296,"column":74}},"157":{"start":{"line":299,"column":2},"end":{"line":299,"column":61}},"158":{"start":{"line":301,"column":2},"end":{"line":301,"column":16}},"159":{"start":{"line":304,"column":0},"end":{"line":343,"column":3}},"160":{"start":{"line":305,"column":38},"end":{"line":305,"column":46}},"161":{"start":{"line":306,"column":4},"end":{"line":308,"column":5}},"162":{"start":{"line":307,"column":6},"end":{"line":307,"column":65}},"163":{"start":{"line":310,"column":16},"end":{"line":310,"column":30}},"164":{"start":{"line":311,"column":4},"end":{"line":313,"column":5}},"165":{"start":{"line":312,"column":6},"end":{"line":312,"column":60}},"166":{"start":{"line":315,"column":19},"end":{"line":315,"column":49}},"167":{"start":{"line":316,"column":4},"end":{"line":318,"column":5}},"168":{"start":{"line":317,"column":6},"end":{"line":317,"column":61}},"169":{"start":{"line":320,"column":22},"end":{"line":320,"column":53}},"170":{"start":{"line":322,"column":16},"end":{"line":326,"column":6}},"171":{"start":{"line":329,"column":4},"end":{"line":329,"column":54}},"172":{"start":{"line":332,"column":20},"end":{"line":332,"column":50}},"173":{"start":{"line":333,"column":4},"end":{"line":340,"column":5}},"174":{"start":{"line":334,"column":25},"end":{"line":334,"column":55}},"175":{"start":{"line":335,"column":26},"end":{"line":338,"column":7}},"176":{"start":{"line":339,"column":6},"end":{"line":339,"column":72}},"177":{"start":{"line":342,"column":4},"end":{"line":342,"column":18}},"178":{"start":{"line":346,"column":0},"end":{"line":348,"column":3}},"179":{"start":{"line":347,"column":2},"end":{"line":347,"column":41}},"180":{"start":{"line":350,"column":0},"end":{"line":382,"column":3}},"181":{"start":{"line":351,"column":19},"end":{"line":351,"column":27}},"182":{"start":{"line":353,"column":2},"end":{"line":355,"column":3}},"183":{"start":{"line":354,"column":4},"end":{"line":354,"column":60}},"184":{"start":{"line":357,"column":2},"end":{"line":359,"column":3}},"185":{"start":{"line":358,"column":4},"end":{"line":358,"column":67}},"186":{"start":{"line":361,"column":17},"end":{"line":361,"column":65}},"187":{"start":{"line":363,"column":2},"end":{"line":371,"column":3}},"188":{"start":{"line":364,"column":4},"end":{"line":366,"column":5}},"189":{"start":{"line":365,"column":6},"end":{"line":365,"column":66}},"190":{"start":{"line":367,"column":4},"end":{"line":369,"column":5}},"191":{"start":{"line":368,"column":6},"end":{"line":368,"column":63}},"192":{"start":{"line":370,"column":4},"end":{"line":370,"column":57}},"193":{"start":{"line":374,"column":4},"end":{"line":374,"column":47}},"194":{"start":{"line":377,"column":4},"end":{"line":379,"column":7}},"195":{"start":{"line":378,"column":6},"end":{"line":378,"column":50}},"196":{"start":{"line":381,"column":2},"end":{"line":381,"column":27}},"197":{"start":{"line":384,"column":0},"end":{"line":399,"column":3}},"198":{"start":{"line":385,"column":24},"end":{"line":385,"column":34}},"199":{"start":{"line":386,"column":18},"end":{"line":386,"column":54}},"200":{"start":{"line":388,"column":2},"end":{"line":390,"column":3}},"201":{"start":{"line":389,"column":4},"end":{"line":389,"column":62}},"202":{"start":{"line":392,"column":14},"end":{"line":392,"column":49}},"203":{"start":{"line":393,"column":2},"end":{"line":396,"column":6}},"204":{"start":{"line":394,"column":19},"end":{"line":394,"column":54}},"205":{"start":{"line":395,"column":4},"end":{"line":395,"column":65}},"206":{"start":{"line":398,"column":2},"end":{"line":398,"column":18}},"207":{"start":{"line":402,"column":0},"end":{"line":420,"column":3}},"208":{"start":{"line":403,"column":66},"end":{"line":403,"column":74}},"209":{"start":{"line":404,"column":20},"end":{"line":404,"column":33}},"210":{"start":{"line":406,"column":27},"end":{"line":407,"column":27}},"211":{"start":{"line":409,"column":2},"end":{"line":411,"column":3}},"212":{"start":{"line":410,"column":4},"end":{"line":410,"column":62}},"213":{"start":{"line":414,"column":2},"end":{"line":418,"column":3}},"214":{"start":{"line":415,"column":4},"end":{"line":415,"column":74}},"215":{"start":{"line":417,"column":4},"end":{"line":417,"column":76}},"216":{"start":{"line":419,"column":2},"end":{"line":419,"column":29}},"217":{"start":{"line":423,"column":0},"end":{"line":447,"column":2}},"218":{"start":{"line":424,"column":20},"end":{"line":424,"column":28}},"219":{"start":{"line":425,"column":2},"end":{"line":427,"column":3}},"220":{"start":{"line":426,"column":4},"end":{"line":426,"column":63}},"221":{"start":{"line":429,"column":17},"end":{"line":429,"column":80}},"222":{"start":{"line":431,"column":2},"end":{"line":433,"column":3}},"223":{"start":{"line":432,"column":4},"end":{"line":432,"column":59}},"224":{"start":{"line":435,"column":2},"end":{"line":437,"column":3}},"225":{"start":{"line":436,"column":4},"end":{"line":436,"column":55}},"226":{"start":{"line":440,"column":2},"end":{"line":444,"column":3}},"227":{"start":{"line":441,"column":4},"end":{"line":441,"column":71}},"228":{"start":{"line":443,"column":4},"end":{"line":443,"column":85}},"229":{"start":{"line":446,"column":2},"end":{"line":446,"column":19}},"230":{"start":{"line":449,"column":0},"end":{"line":449,"column":34}},"231":{"start":{"line":450,"column":0},"end":{"line":450,"column":89}},"232":{"start":{"line":450,"column":30},"end":{"line":450,"column":87}}},"fnMap":{"0":{"name":"(anonymous_0)","decl":{"start":{"line":12,"column":17},"end":{"line":12,"column":18}},"loc":{"start":{"line":12,"column":23},"end":{"line":16,"column":1}},"line":12},"1":{"name":"(anonymous_1)","decl":{"start":{"line":15,"column":26},"end":{"line":15,"column":27}},"loc":{"start":{"line":15,"column":32},"end":{"line":15,"column":89}},"line":15},"2":{"name":"initializeDatabase","decl":{"start":{"line":18,"column":15},"end":{"line":18,"column":33}},"loc":{"start":{"line":18,"column":36},"end":{"line":31,"column":1}},"line":18},"3":{"name":"ensureLogin","decl":{"start":{"line":52,"column":15},"end":{"line":52,"column":26}},"loc":{"start":{"line":52,"column":43},"end":{"line":61,"column":1}},"line":52},"4":{"name":"(anonymous_4)","decl":{"start":{"line":64,"column":7},"end":{"line":64,"column":8}},"loc":{"start":{"line":64,"column":31},"end":{"line":78,"column":1}},"line":64},"5":{"name":"(anonymous_5)","decl":{"start":{"line":81,"column":20},"end":{"line":81,"column":21}},"loc":{"start":{"line":81,"column":38},"end":{"line":114,"column":1}},"line":81},"6":{"name":"(anonymous_6)","decl":{"start":{"line":92,"column":22},"end":{"line":92,"column":23}},"loc":{"start":{"line":92,"column":33},"end":{"line":94,"column":3}},"line":92},"7":{"name":"(anonymous_7)","decl":{"start":{"line":100,"column":26},"end":{"line":100,"column":27}},"loc":{"start":{"line":100,"column":32},"end":{"line":105,"column":3}},"line":100},"8":{"name":"(anonymous_8)","decl":{"start":{"line":102,"column":32},"end":{"line":102,"column":33}},"loc":{"start":{"line":102,"column":43},"end":{"line":104,"column":5}},"line":102},"9":{"name":"(anonymous_9)","decl":{"start":{"line":107,"column":28},"end":{"line":107,"column":29}},"loc":{"start":{"line":107,"column":43},"end":{"line":109,"column":3}},"line":107},"10":{"name":"(anonymous_10)","decl":{"start":{"line":111,"column":27},"end":{"line":111,"column":28}},"loc":{"start":{"line":111,"column":41},"end":{"line":113,"column":3}},"line":111},"11":{"name":"(anonymous_11)","decl":{"start":{"line":116,"column":29},"end":{"line":116,"column":30}},"loc":{"start":{"line":116,"column":46},"end":{"line":144,"column":1}},"line":116},"12":{"name":"(anonymous_12)","decl":{"start":{"line":146,"column":28},"end":{"line":146,"column":29}},"loc":{"start":{"line":146,"column":48},"end":{"line":172,"column":1}},"line":146},"13":{"name":"(anonymous_13)","decl":{"start":{"line":176,"column":27},"end":{"line":176,"column":28}},"loc":{"start":{"line":176,"column":47},"end":{"line":179,"column":1}},"line":176},"14":{"name":"(anonymous_14)","decl":{"start":{"line":181,"column":30},"end":{"line":181,"column":31}},"loc":{"start":{"line":181,"column":50},"end":{"line":185,"column":1}},"line":181},"15":{"name":"(anonymous_15)","decl":{"start":{"line":187,"column":25},"end":{"line":187,"column":26}},"loc":{"start":{"line":187,"column":45},"end":{"line":190,"column":1}},"line":187},"16":{"name":"(anonymous_16)","decl":{"start":{"line":193,"column":43},"end":{"line":193,"column":44}},"loc":{"start":{"line":193,"column":60},"end":{"line":219,"column":1}},"line":193},"17":{"name":"(anonymous_17)","decl":{"start":{"line":221,"column":50},"end":{"line":221,"column":51}},"loc":{"start":{"line":221,"column":67},"end":{"line":245,"column":1}},"line":221},"18":{"name":"(anonymous_18)","decl":{"start":{"line":248,"column":28},"end":{"line":248,"column":29}},"loc":{"start":{"line":248,"column":48},"end":{"line":262,"column":1}},"line":248},"19":{"name":"(anonymous_19)","decl":{"start":{"line":254,"column":38},"end":{"line":254,"column":39}},"loc":{"start":{"line":254,"column":52},"end":{"line":259,"column":3}},"line":254},"20":{"name":"(anonymous_20)","decl":{"start":{"line":264,"column":32},"end":{"line":264,"column":33}},"loc":{"start":{"line":264,"column":52},"end":{"line":287,"column":1}},"line":264},"21":{"name":"(anonymous_21)","decl":{"start":{"line":280,"column":33},"end":{"line":280,"column":34}},"loc":{"start":{"line":280,"column":42},"end":{"line":284,"column":3}},"line":280},"22":{"name":"(anonymous_22)","decl":{"start":{"line":289,"column":29},"end":{"line":289,"column":30}},"loc":{"start":{"line":289,"column":49},"end":{"line":302,"column":1}},"line":289},"23":{"name":"(anonymous_23)","decl":{"start":{"line":304,"column":33},"end":{"line":304,"column":34}},"loc":{"start":{"line":304,"column":53},"end":{"line":343,"column":1}},"line":304},"24":{"name":"(anonymous_24)","decl":{"start":{"line":346,"column":28},"end":{"line":346,"column":29}},"loc":{"start":{"line":346,"column":48},"end":{"line":348,"column":1}},"line":346},"25":{"name":"(anonymous_25)","decl":{"start":{"line":350,"column":29},"end":{"line":350,"column":30}},"loc":{"start":{"line":350,"column":49},"end":{"line":382,"column":1}},"line":350},"26":{"name":"(anonymous_26)","decl":{"start":{"line":377,"column":46},"end":{"line":377,"column":47}},"loc":{"start":{"line":377,"column":56},"end":{"line":379,"column":5}},"line":377},"27":{"name":"(anonymous_27)","decl":{"start":{"line":384,"column":48},"end":{"line":384,"column":49}},"loc":{"start":{"line":384,"column":68},"end":{"line":399,"column":1}},"line":384},"28":{"name":"(anonymous_28)","decl":{"start":{"line":393,"column":38},"end":{"line":393,"column":39}},"loc":{"start":{"line":393,"column":52},"end":{"line":396,"column":3}},"line":393},"29":{"name":"(anonymous_29)","decl":{"start":{"line":402,"column":41},"end":{"line":402,"column":42}},"loc":{"start":{"line":402,"column":61},"end":{"line":420,"column":1}},"line":402},"30":{"name":"(anonymous_30)","decl":{"start":{"line":423,"column":34},"end":{"line":423,"column":35}},"loc":{"start":{"line":423,"column":54},"end":{"line":447,"column":1}},"line":423},"31":{"name":"(anonymous_31)","decl":{"start":{"line":450,"column":24},"end":{"line":450,"column":25}},"loc":{"start":{"line":450,"column":30},"end":{"line":450,"column":87}},"line":450}},"branchMap":{"0":{"loc":{"start":{"line":22,"column":4},"end":{"line":25,"column":5}},"type":"if","locations":[{"start":{"line":22,"column":4},"end":{"line":25,"column":5}},{"start":{},"end":{}}],"line":22},"1":{"loc":{"start":{"line":36,"column":13},"end":{"line":36,"column":37}},"type":"binary-expr","locations":[{"start":{"line":36,"column":13},"end":{"line":36,"column":29}},{"start":{"line":36,"column":33},"end":{"line":36,"column":37}}],"line":36},"2":{"loc":{"start":{"line":54,"column":15},"end":{"line":54,"column":56}},"type":"binary-expr","locations":[{"start":{"line":54,"column":15},"end":{"line":54,"column":18}},{"start":{"line":54,"column":22},"end":{"line":54,"column":56}}],"line":54},"3":{"loc":{"start":{"line":55,"column":2},"end":{"line":58,"column":3}},"type":"if","locations":[{"start":{"line":55,"column":2},"end":{"line":58,"column":3}},{"start":{},"end":{}}],"line":55},"4":{"loc":{"start":{"line":55,"column":6},"end":{"line":55,"column":19}},"type":"binary-expr","locations":[{"start":{"line":55,"column":6},"end":{"line":55,"column":10}},{"start":{"line":55,"column":14},"end":{"line":55,"column":19}}],"line":55},"5":{"loc":{"start":{"line":66,"column":2},"end":{"line":68,"column":3}},"type":"if","locations":[{"start":{"line":66,"column":2},"end":{"line":68,"column":3}},{"start":{},"end":{}}],"line":66},"6":{"loc":{"start":{"line":71,"column":2},"end":{"line":73,"column":3}},"type":"if","locations":[{"start":{"line":71,"column":2},"end":{"line":73,"column":3}},{"start":{},"end":{}}],"line":71},"7":{"loc":{"start":{"line":119,"column":4},"end":{"line":122,"column":5}},"type":"if","locations":[{"start":{"line":119,"column":4},"end":{"line":122,"column":5}},{"start":{},"end":{}}],"line":119},"8":{"loc":{"start":{"line":124,"column":4},"end":{"line":127,"column":5}},"type":"if","locations":[{"start":{"line":124,"column":4},"end":{"line":127,"column":5}},{"start":{},"end":{}}],"line":124},"9":{"loc":{"start":{"line":129,"column":4},"end":{"line":132,"column":5}},"type":"if","locations":[{"start":{"line":129,"column":4},"end":{"line":132,"column":5}},{"start":{},"end":{}}],"line":129},"10":{"loc":{"start":{"line":135,"column":4},"end":{"line":142,"column":5}},"type":"if","locations":[{"start":{"line":135,"column":4},"end":{"line":142,"column":5}},{"start":{},"end":{}}],"line":135},"11":{"loc":{"start":{"line":149,"column":4},"end":{"line":152,"column":5}},"type":"if","locations":[{"start":{"line":149,"column":4},"end":{"line":152,"column":5}},{"start":{},"end":{}}],"line":149},"12":{"loc":{"start":{"line":154,"column":4},"end":{"line":157,"column":5}},"type":"if","locations":[{"start":{"line":154,"column":4},"end":{"line":157,"column":5}},{"start":{},"end":{}}],"line":154},"13":{"loc":{"start":{"line":159,"column":4},"end":{"line":162,"column":6}},"type":"if","locations":[{"start":{"line":159,"column":4},"end":{"line":162,"column":6}},{"start":{},"end":{}}],"line":159},"14":{"loc":{"start":{"line":164,"column":4},"end":{"line":167,"column":5}},"type":"if","locations":[{"start":{"line":164,"column":4},"end":{"line":167,"column":5}},{"start":{},"end":{}}],"line":164},"15":{"loc":{"start":{"line":177,"column":15},"end":{"line":177,"column":60}},"type":"cond-expr","locations":[{"start":{"line":177,"column":44},"end":{"line":177,"column":51}},{"start":{"line":177,"column":54},"end":{"line":177,"column":60}}],"line":177},"16":{"loc":{"start":{"line":196,"column":2},"end":{"line":199,"column":3}},"type":"if","locations":[{"start":{"line":196,"column":2},"end":{"line":199,"column":3}},{"start":{},"end":{}}],"line":196},"17":{"loc":{"start":{"line":202,"column":2},"end":{"line":216,"column":3}},"type":"if","locations":[{"start":{"line":202,"column":2},"end":{"line":216,"column":3}},{"start":{"line":209,"column":9},"end":{"line":216,"column":3}}],"line":202},"18":{"loc":{"start":{"line":204,"column":29},"end":{"line":204,"column":98}},"type":"cond-expr","locations":[{"start":{"line":204,"column":70},"end":{"line":204,"column":88}},{"start":{"line":204,"column":91},"end":{"line":204,"column":98}}],"line":204},"19":{"loc":{"start":{"line":205,"column":4},"end":{"line":207,"column":5}},"type":"if","locations":[{"start":{"line":205,"column":4},"end":{"line":207,"column":5}},{"start":{},"end":{}}],"line":205},"20":{"loc":{"start":{"line":205,"column":8},"end":{"line":205,"column":52}},"type":"binary-expr","locations":[{"start":{"line":205,"column":8},"end":{"line":205,"column":28}},{"start":{"line":205,"column":32},"end":{"line":205,"column":52}}],"line":205},"21":{"loc":{"start":{"line":211,"column":29},"end":{"line":211,"column":98}},"type":"cond-expr","locations":[{"start":{"line":211,"column":70},"end":{"line":211,"column":88}},{"start":{"line":211,"column":91},"end":{"line":211,"column":98}}],"line":211},"22":{"loc":{"start":{"line":212,"column":4},"end":{"line":214,"column":5}},"type":"if","locations":[{"start":{"line":212,"column":4},"end":{"line":214,"column":5}},{"start":{},"end":{}}],"line":212},"23":{"loc":{"start":{"line":212,"column":8},"end":{"line":212,"column":52}},"type":"binary-expr","locations":[{"start":{"line":212,"column":8},"end":{"line":212,"column":28}},{"start":{"line":212,"column":32},"end":{"line":212,"column":52}}],"line":212},"24":{"loc":{"start":{"line":215,"column":21},"end":{"line":215,"column":50}},"type":"binary-expr","locations":[{"start":{"line":215,"column":21},"end":{"line":215,"column":38}},{"start":{"line":215,"column":42},"end":{"line":215,"column":50}}],"line":215},"25":{"loc":{"start":{"line":223,"column":2},"end":{"line":226,"column":3}},"type":"if","locations":[{"start":{"line":223,"column":2},"end":{"line":226,"column":3}},{"start":{},"end":{}}],"line":223},"26":{"loc":{"start":{"line":229,"column":2},"end":{"line":243,"column":3}},"type":"if","locations":[{"start":{"line":229,"column":2},"end":{"line":243,"column":3}},{"start":{"line":236,"column":9},"end":{"line":243,"column":3}}],"line":229},"27":{"loc":{"start":{"line":231,"column":29},"end":{"line":231,"column":98}},"type":"cond-expr","locations":[{"start":{"line":231,"column":70},"end":{"line":231,"column":88}},{"start":{"line":231,"column":91},"end":{"line":231,"column":98}}],"line":231},"28":{"loc":{"start":{"line":232,"column":4},"end":{"line":234,"column":5}},"type":"if","locations":[{"start":{"line":232,"column":4},"end":{"line":234,"column":5}},{"start":{},"end":{}}],"line":232},"29":{"loc":{"start":{"line":232,"column":8},"end":{"line":232,"column":52}},"type":"binary-expr","locations":[{"start":{"line":232,"column":8},"end":{"line":232,"column":28}},{"start":{"line":232,"column":32},"end":{"line":232,"column":52}}],"line":232},"30":{"loc":{"start":{"line":238,"column":29},"end":{"line":238,"column":98}},"type":"cond-expr","locations":[{"start":{"line":238,"column":70},"end":{"line":238,"column":88}},{"start":{"line":238,"column":91},"end":{"line":238,"column":98}}],"line":238},"31":{"loc":{"start":{"line":239,"column":4},"end":{"line":241,"column":5}},"type":"if","locations":[{"start":{"line":239,"column":4},"end":{"line":241,"column":5}},{"start":{},"end":{}}],"line":239},"32":{"loc":{"start":{"line":239,"column":8},"end":{"line":239,"column":52}},"type":"binary-expr","locations":[{"start":{"line":239,"column":8},"end":{"line":239,"column":28}},{"start":{"line":239,"column":32},"end":{"line":239,"column":52}}],"line":239},"33":{"loc":{"start":{"line":242,"column":21},"end":{"line":242,"column":50}},"type":"binary-expr","locations":[{"start":{"line":242,"column":21},"end":{"line":242,"column":38}},{"start":{"line":242,"column":42},"end":{"line":242,"column":50}}],"line":242},"34":{"loc":{"start":{"line":249,"column":20},"end":{"line":249,"column":51}},"type":"binary-expr","locations":[{"start":{"line":249,"column":20},"end":{"line":249,"column":39}},{"start":{"line":249,"column":43},"end":{"line":249,"column":51}}],"line":249},"35":{"loc":{"start":{"line":256,"column":20},"end":{"line":256,"column":80}},"type":"cond-expr","locations":[{"start":{"line":256,"column":58},"end":{"line":256,"column":73}},{"start":{"line":256,"column":76},"end":{"line":256,"column":80}}],"line":256},"36":{"loc":{"start":{"line":266,"column":2},"end":{"line":268,"column":3}},"type":"if","locations":[{"start":{"line":266,"column":2},"end":{"line":268,"column":3}},{"start":{},"end":{}}],"line":266},"37":{"loc":{"start":{"line":271,"column":2},"end":{"line":273,"column":3}},"type":"if","locations":[{"start":{"line":271,"column":2},"end":{"line":273,"column":3}},{"start":{},"end":{}}],"line":271},"38":{"loc":{"start":{"line":277,"column":18},"end":{"line":277,"column":78}},"type":"cond-expr","locations":[{"start":{"line":277,"column":56},"end":{"line":277,"column":71}},{"start":{"line":277,"column":74},"end":{"line":277,"column":78}}],"line":277},"39":{"loc":{"start":{"line":281,"column":21},"end":{"line":281,"column":84}},"type":"cond-expr","locations":[{"start":{"line":281,"column":60},"end":{"line":281,"column":76}},{"start":{"line":281,"column":79},"end":{"line":281,"column":84}}],"line":281},"40":{"loc":{"start":{"line":290,"column":16},"end":{"line":290,"column":36}},"type":"default-arg","locations":[{"start":{"line":290,"column":28},"end":{"line":290,"column":36}}],"line":290},"41":{"loc":{"start":{"line":292,"column":2},"end":{"line":294,"column":3}},"type":"if","locations":[{"start":{"line":292,"column":2},"end":{"line":294,"column":3}},{"start":{},"end":{}}],"line":292},"42":{"loc":{"start":{"line":292,"column":6},"end":{"line":292,"column":27}},"type":"binary-expr","locations":[{"start":{"line":292,"column":6},"end":{"line":292,"column":11}},{"start":{"line":292,"column":15},"end":{"line":292,"column":27}}],"line":292},"43":{"loc":{"start":{"line":305,"column":18},"end":{"line":305,"column":33}},"type":"default-arg","locations":[{"start":{"line":305,"column":29},"end":{"line":305,"column":33}}],"line":305},"44":{"loc":{"start":{"line":306,"column":4},"end":{"line":308,"column":5}},"type":"if","locations":[{"start":{"line":306,"column":4},"end":{"line":308,"column":5}},{"start":{},"end":{}}],"line":306},"45":{"loc":{"start":{"line":306,"column":8},"end":{"line":306,"column":29}},"type":"binary-expr","locations":[{"start":{"line":306,"column":8},"end":{"line":306,"column":13}},{"start":{"line":306,"column":17},"end":{"line":306,"column":29}}],"line":306},"46":{"loc":{"start":{"line":311,"column":4},"end":{"line":313,"column":5}},"type":"if","locations":[{"start":{"line":311,"column":4},"end":{"line":313,"column":5}},{"start":{},"end":{}}],"line":311},"47":{"loc":{"start":{"line":316,"column":4},"end":{"line":318,"column":5}},"type":"if","locations":[{"start":{"line":316,"column":4},"end":{"line":318,"column":5}},{"start":{},"end":{}}],"line":316},"48":{"loc":{"start":{"line":320,"column":22},"end":{"line":320,"column":53}},"type":"binary-expr","locations":[{"start":{"line":320,"column":22},"end":{"line":320,"column":41}},{"start":{"line":320,"column":45},"end":{"line":320,"column":53}}],"line":320},"49":{"loc":{"start":{"line":324,"column":16},"end":{"line":324,"column":31}},"type":"binary-expr","locations":[{"start":{"line":324,"column":16},"end":{"line":324,"column":24}},{"start":{"line":324,"column":28},"end":{"line":324,"column":31}}],"line":324},"50":{"loc":{"start":{"line":333,"column":4},"end":{"line":340,"column":5}},"type":"if","locations":[{"start":{"line":333,"column":4},"end":{"line":340,"column":5}},{"start":{},"end":{}}],"line":333},"51":{"loc":{"start":{"line":353,"column":2},"end":{"line":355,"column":3}},"type":"if","locations":[{"start":{"line":353,"column":2},"end":{"line":355,"column":3}},{"start":{},"end":{}}],"line":353},"52":{"loc":{"start":{"line":357,"column":2},"end":{"line":359,"column":3}},"type":"if","locations":[{"start":{"line":357,"column":2},"end":{"line":359,"column":3}},{"start":{},"end":{}}],"line":357},"53":{"loc":{"start":{"line":363,"column":2},"end":{"line":371,"column":3}},"type":"if","locations":[{"start":{"line":363,"column":2},"end":{"line":371,"column":3}},{"start":{},"end":{}}],"line":363},"54":{"loc":{"start":{"line":364,"column":4},"end":{"line":366,"column":5}},"type":"if","locations":[{"start":{"line":364,"column":4},"end":{"line":366,"column":5}},{"start":{},"end":{}}],"line":364},"55":{"loc":{"start":{"line":367,"column":4},"end":{"line":369,"column":5}},"type":"if","locations":[{"start":{"line":367,"column":4},"end":{"line":369,"column":5}},{"start":{},"end":{}}],"line":367},"56":{"loc":{"start":{"line":388,"column":2},"end":{"line":390,"column":3}},"type":"if","locations":[{"start":{"line":388,"column":2},"end":{"line":390,"column":3}},{"start":{},"end":{}}],"line":388},"57":{"loc":{"start":{"line":403,"column":10},"end":{"line":403,"column":22}},"type":"default-arg","locations":[{"start":{"line":403,"column":20},"end":{"line":403,"column":22}}],"line":403},"58":{"loc":{"start":{"line":403,"column":24},"end":{"line":403,"column":44}},"type":"default-arg","locations":[{"start":{"line":403,"column":36},"end":{"line":403,"column":44}}],"line":403},"59":{"loc":{"start":{"line":403,"column":46},"end":{"line":403,"column":61}},"type":"default-arg","locations":[{"start":{"line":403,"column":57},"end":{"line":403,"column":61}}],"line":403},"60":{"loc":{"start":{"line":409,"column":2},"end":{"line":411,"column":3}},"type":"if","locations":[{"start":{"line":409,"column":2},"end":{"line":411,"column":3}},{"start":{},"end":{}}],"line":409},"61":{"loc":{"start":{"line":414,"column":2},"end":{"line":418,"column":3}},"type":"if","locations":[{"start":{"line":414,"column":2},"end":{"line":418,"column":3}},{"start":{"line":416,"column":9},"end":{"line":418,"column":3}}],"line":414},"62":{"loc":{"start":{"line":425,"column":2},"end":{"line":427,"column":3}},"type":"if","locations":[{"start":{"line":425,"column":2},"end":{"line":427,"column":3}},{"start":{},"end":{}}],"line":425},"63":{"loc":{"start":{"line":425,"column":5},"end":{"line":425,"column":26}},"type":"binary-expr","locations":[{"start":{"line":425,"column":5},"end":{"line":425,"column":10}},{"start":{"line":425,"column":14},"end":{"line":425,"column":26}}],"line":425},"64":{"loc":{"start":{"line":431,"column":2},"end":{"line":433,"column":3}},"type":"if","locations":[{"start":{"line":431,"column":2},"end":{"line":433,"column":3}},{"start":{},"end":{}}],"line":431},"65":{"loc":{"start":{"line":435,"column":2},"end":{"line":437,"column":3}},"type":"if","locations":[{"start":{"line":435,"column":2},"end":{"line":437,"column":3}},{"start":{},"end":{}}],"line":435},"66":{"loc":{"start":{"line":440,"column":2},"end":{"line":444,"column":3}},"type":"if","locations":[{"start":{"line":440,"column":2},"end":{"line":444,"column":3}},{"start":{"line":442,"column":9},"end":{"line":444,"column":3}}],"line":440},"67":{"loc":{"start":{"line":443,"column":21},"end":{"line":443,"column":49}},"type":"binary-expr","locations":[{"start":{"line":443,"column":21},"end":{"line":443,"column":37}},{"start":{"line":443,"column":41},"end":{"line":443,"column":49}}],"line":443}},"s":{"0":0,"1":0,"2":0,"3":0,"4":0,"5":0,"6":0,"7":0,"8":0,"9":0,"10":0,"11":0,"12":0,"13":0,"14":0,"15":0,"16":0,"17":0,"18":0,"19":0,"20":0,"21":0,"22":0,"23":0,"24":0,"25":0,"26":0,"27":0,"28":0,"29":0,"30":0,"31":0,"32":0,"33":0,"34":0,"35":0,"36":0,"37":0,"38":0,"39":0,"40":0,"41":0,"42":0,"43":0,"44":0,"45":0,"46":0,"47":0,"48":0,"49":0,"50":0,"51":0,"52":0,"53":0,"54":0,"55":0,"56":0,"57":0,"58":0,"59":0,"60":0,"61":0,"62":0,"63":0,"64":0,"65":0,"66":0,"67":0,"68":0,"69":0,"70":0,"71":0,"72":0,"73":0,"74":0,"75":0,"76":0,"77":0,"78":0,"79":0,"80":0,"81":0,"82":0,"83":0,"84":0,"85":0,"86":0,"87":0,"88":0,"89":0,"90":0,"91":0,"92":0,"93":0,"94":0,"95":0,"96":0,"97":0,"98":0,"99":0,"100":0,"101":0,"102":0,"103":0,"104":0,"105":0,"106":0,"107":0,"108":0,"109":0,"110":0,"111":0,"112":0,"113":0,"114":0,"115":0,"116":0,"117":0,"118":0,"119":0,"120":0,"121":0,"122":0,"123":0,"124":0,"125":0,"126":0,"127":0,"128":0,"129":0,"130":0,"131":0,"132":0,"133":0,"134":0,"135":0,"136":0,"137":0,"138":0,"139":0,"140":0,"141":0,"142":0,"143":0,"144":0,"145":0,"146":0,"147":0,"148":0,"149":0,"150":0,"151":0,"152":0,"153":0,"154":0,"155":0,"156":0,"157":0,"158":0,"159":0,"160":0,"161":0,"162":0,"163":0,"164":0,"165":0,"166":0,"167":0,"168":0,"169":0,"170":0,"171":0,"172":0,"173":0,"174":0,"175":0,"176":0,"177":0,"178":0,"179":0,"180":0,"181":0,"182":0,"183":0,"184":0,"185":0,"186":0,"187":0,"188":0,"189":0,"190":0,"191":0,"192":0,"193":0,"194":0,"195":0,"196":0,"197":0,"198":0,"199":0,"200":0,"201":0,"202":0,"203":0,"204":0,"205":0,"206":0,"207":0,"208":0,"209":0,"210":0,"211":0,"212":0,"213":0,"214":0,"215":0,"216":0,"217":0,"218":0,"219":0,"220":0,"221":0,"222":0,"223":0,"224":0,"225":0,"226":0,"227":0,"228":0,"229":0,"230":0,"231":0,"232":0},"f":{"0":0,"1":0,"2":0,"3":0,"4":0,"5":0,"6":0,"7":0,"8":0,"9":0,"10":0,"11":0,"12":0,"13":0,"14":0,"15":0,"16":0,"17":0,"18":0,"19":0,"20":0,"21":0,"22":0,"23":0,"24":0,"25":0,"26":0,"27":0,"28":0,"29":0,"30":0,"31":0},"b":{"0":[0,0],"1":[0,0],"2":[0,0],"3":[0,0],"4":[0,0],"5":[0,0],"6":[0,0],"7":[0,0],"8":[0,0],"9":[0,0],"10":[0,0],"11":[0,0],"12":[0,0],"13":[0,0],"14":[0,0],"15":[0,0],"16":[0,0],"17":[0,0],"18":[0,0],"19":[0,0],"20":[0,0],"21":[0,0],"22":[0,0],"23":[0,0],"24":[0,0],"25":[0,0],"26":[0,0],"27":[0,0],"28":[0,0],"29":[0,0],"30":[0,0],"31":[0,0],"32":[0,0],"33":[0,0],"34":[0,0],"35":[0,0],"36":[0,0],"37":[0,0],"38":[0,0],"39":[0,0],"40":[0],"41":[0,0],"42":[0,0],"43":[0],"44":[0,0],"45":[0,0],"46":[0,0],"47":[0,0],"48":[0,0],"49":[0,0],"50":[0,0],"51":[0,0],"52":[0,0],"53":[0,0],"54":[0,0],"55":[0,0],"56":[0,0],"57":[0],"58":[0],"59":[0],"60":[0,0],"61":[0,0],"62":[0,0],"63":[0,0],"64":[0,0],"65":[0,0],"66":[0,0],"67":[0,0]},"inputSourceMap":null}
,"/Users/Rosy/Desktop/CS/real-time-chat-app/sessions.js": {"path":"/Users/Rosy/Desktop/CS/real-time-chat-app/sessions.js","statementMap":{"0":{"start":{"line":6,"column":14},"end":{"line":6,"column":26}},"1":{"start":{"line":7,"column":2},"end":{"line":7,"column":42}},"2":{"start":{"line":8,"column":2},"end":{"line":8,"column":13}},"3":{"start":{"line":12,"column":18},"end":{"line":12,"column":48}},"4":{"start":{"line":13,"column":2},"end":{"line":13,"column":42}},"5":{"start":{"line":17,"column":2},"end":{"line":17,"column":35}},"6":{"start":{"line":21,"column":19},"end":{"line":21,"column":41}},"7":{"start":{"line":22,"column":20},"end":{"line":22,"column":29}},"8":{"start":{"line":24,"column":2},"end":{"line":26,"column":5}},"9":{"start":{"line":25,"column":4},"end":{"line":25,"column":36}},"10":{"start":{"line":28,"column":2},"end":{"line":28,"column":31}}},"fnMap":{"0":{"name":"addSession","decl":{"start":{"line":5,"column":15},"end":{"line":5,"column":25}},"loc":{"start":{"line":5,"column":36},"end":{"line":9,"column":1}},"line":5},"1":{"name":"getSessionUser","decl":{"start":{"line":11,"column":15},"end":{"line":11,"column":29}},"loc":{"start":{"line":11,"column":35},"end":{"line":14,"column":1}},"line":11},"2":{"name":"deleteSession","decl":{"start":{"line":16,"column":15},"end":{"line":16,"column":28}},"loc":{"start":{"line":16,"column":34},"end":{"line":18,"column":1}},"line":16},"3":{"name":"getAllUsers","decl":{"start":{"line":20,"column":15},"end":{"line":20,"column":26}},"loc":{"start":{"line":20,"column":29},"end":{"line":29,"column":1}},"line":20},"4":{"name":"(anonymous_4)","decl":{"start":{"line":24,"column":19},"end":{"line":24,"column":20}},"loc":{"start":{"line":24,"column":30},"end":{"line":26,"column":3}},"line":24}},"branchMap":{"0":{"loc":{"start":{"line":13,"column":9},"end":{"line":13,"column":42}},"type":"cond-expr","locations":[{"start":{"line":13,"column":19},"end":{"line":13,"column":35}},{"start":{"line":13,"column":38},"end":{"line":13,"column":42}}],"line":13}},"s":{"0":0,"1":0,"2":0,"3":0,"4":0,"5":0,"6":0,"7":0,"8":0,"9":0,"10":0},"f":{"0":0,"1":0,"2":0,"3":0,"4":0},"b":{"0":[0,0]},"inputSourceMap":null,"_coverageSchema":"1a1c01bbd47fc00a2c39e90264f33305004495a9","hash":"26de1ac9a060f4b7cfc83d8be3314a618a255cdc"}
,"/Users/Rosy/Desktop/CS/real-time-chat-app/users.js": {"path":"/Users/Rosy/Desktop/CS/real-time-chat-app/users.js","statementMap":{"0":{"start":{"line":4,"column":18},"end":{"line":4,"column":22}},"1":{"start":{"line":5,"column":4},"end":{"line":5,"column":44}},"2":{"start":{"line":6,"column":4},"end":{"line":6,"column":59}},"3":{"start":{"line":7,"column":4},"end":{"line":7,"column":19}},"4":{"start":{"line":11,"column":4},"end":{"line":13,"column":5}},"5":{"start":{"line":12,"column":6},"end":{"line":12,"column":54}},"6":{"start":{"line":15,"column":25},"end":{"line":15,"column":57}},"7":{"start":{"line":16,"column":4},"end":{"line":18,"column":5}},"8":{"start":{"line":17,"column":6},"end":{"line":17,"column":49}},"9":{"start":{"line":20,"column":4},"end":{"line":20,"column":36}},"10":{"start":{"line":21,"column":4},"end":{"line":21,"column":24}},"11":{"start":{"line":25,"column":17},"end":{"line":25,"column":49}},"12":{"start":{"line":26,"column":4},"end":{"line":26,"column":18}}},"fnMap":{"0":{"name":"isValid","decl":{"start":{"line":3,"column":15},"end":{"line":3,"column":22}},"loc":{"start":{"line":3,"column":33},"end":{"line":8,"column":3}},"line":3},"1":{"name":"register","decl":{"start":{"line":10,"column":15},"end":{"line":10,"column":23}},"loc":{"start":{"line":10,"column":34},"end":{"line":22,"column":1}},"line":10},"2":{"name":"isRegistered","decl":{"start":{"line":24,"column":15},"end":{"line":24,"column":27}},"loc":{"start":{"line":24,"column":38},"end":{"line":27,"column":1}},"line":24}},"branchMap":{"0":{"loc":{"start":{"line":5,"column":14},"end":{"line":5,"column":43}},"type":"binary-expr","locations":[{"start":{"line":5,"column":14},"end":{"line":5,"column":24}},{"start":{"line":5,"column":28},"end":{"line":5,"column":43}}],"line":5},"1":{"loc":{"start":{"line":6,"column":14},"end":{"line":6,"column":58}},"type":"binary-expr","locations":[{"start":{"line":6,"column":14},"end":{"line":6,"column":21}},{"start":{"line":6,"column":25},"end":{"line":6,"column":58}}],"line":6},"2":{"loc":{"start":{"line":11,"column":4},"end":{"line":13,"column":5}},"type":"if","locations":[{"start":{"line":11,"column":4},"end":{"line":13,"column":5}},{"start":{},"end":{}}],"line":11},"3":{"loc":{"start":{"line":16,"column":4},"end":{"line":18,"column":5}},"type":"if","locations":[{"start":{"line":16,"column":4},"end":{"line":18,"column":5}},{"start":{},"end":{}}],"line":16}},"s":{"0":0,"1":0,"2":0,"3":0,"4":0,"5":0,"6":0,"7":0,"8":0,"9":0,"10":0,"11":0,"12":0},"f":{"0":0,"1":0,"2":0},"b":{"0":[0,0],"1":[0,0],"2":[0,0],"3":[0,0]},"inputSourceMap":null,"_coverageSchema":"1a1c01bbd47fc00a2c39e90264f33305004495a9","hash":"76e99cb19f555a5e4f823b887c500679fcc69365"}
,"/Users/Rosy/Desktop/CS/real-time-chat-app/vitest.config.js": {"path":"/Users/Rosy/Desktop/CS/real-time-chat-app/vitest.config.js","statementMap":{},"fnMap":{},"branchMap":{},"s":{},"f":{},"b":{},"inputSourceMap":null}
,"/Users/Rosy/Desktop/CS/real-time-chat-app/models/Channel.js": {"path":"/Users/Rosy/Desktop/CS/real-time-chat-app/models/Channel.js","statementMap":{"0":{"start":{"line":3,"column":22},"end":{"line":18,"column":2}},"1":{"start":{"line":20,"column":16},"end":{"line":20,"column":56}}},"fnMap":{},"branchMap":{},"s":{"0":1,"1":1},"f":{},"b":{},"inputSourceMap":null,"_coverageSchema":"1a1c01bbd47fc00a2c39e90264f33305004495a9","hash":"21fb07af1db62f5ad491b8d6fd17bf27a92d12c0"}
,"/Users/Rosy/Desktop/CS/real-time-chat-app/models/Message.js": {"path":"/Users/Rosy/Desktop/CS/real-time-chat-app/models/Message.js","statementMap":{"0":{"start":{"line":3,"column":22},"end":{"line":45,"column":2}},"1":{"start":{"line":10,"column":27},"end":{"line":10,"column":52}},"2":{"start":{"line":47,"column":16},"end":{"line":47,"column":56}}},"fnMap":{"0":{"name":"(anonymous_0)","decl":{"start":{"line":10,"column":14},"end":{"line":10,"column":15}},"loc":{"start":{"line":10,"column":25},"end":{"line":10,"column":54}},"line":10}},"branchMap":{},"s":{"0":1,"1":0,"2":1},"f":{"0":0},"b":{},"inputSourceMap":null,"_coverageSchema":"1a1c01bbd47fc00a2c39e90264f33305004495a9","hash":"3c807e92c618ee6a137f8be665dc83f0e88ed2c2"}
,"/Users/Rosy/Desktop/CS/real-time-chat-app/models/Session.js": {"path":"/Users/Rosy/Desktop/CS/real-time-chat-app/models/Session.js","statementMap":{"0":{"start":{"line":3,"column":22},"end":{"line":18,"column":2}},"1":{"start":{"line":20,"column":16},"end":{"line":20,"column":56}}},"fnMap":{},"branchMap":{},"s":{"0":1,"1":1},"f":{},"b":{},"inputSourceMap":null,"_coverageSchema":"1a1c01bbd47fc00a2c39e90264f33305004495a9","hash":"c3bc0a867750fab519c6b1f31907064bfa15f934"}
,"/Users/Rosy/Desktop/CS/real-time-chat-app/models/User.js": {"path":"/Users/Rosy/Desktop/CS/real-time-chat-app/models/User.js","statementMap":{"0":{"start":{"line":3,"column":19},"end":{"line":14,"column":2}},"1":{"start":{"line":16,"column":13},"end":{"line":16,"column":47}}},"fnMap":{},"branchMap":{},"s":{"0":1,"1":1},"f":{},"b":{},"inputSourceMap":null,"_coverageSchema":"1a1c01bbd47fc00a2c39e90264f33305004495a9","hash":"fbcfe61c7bde1065243adccd0a8f9bf59bfb8c8f"}
,"/Users/Rosy/Desktop/CS/real-time-chat-app/src/constants.js": {"path":"/Users/Rosy/Desktop/CS/real-time-chat-app/src/constants.js","statementMap":{"0":{"start":{"line":1,"column":22},"end":{"line":22,"column":3}},"1":{"start":{"line":24,"column":24},"end":{"line":48,"column":1}},"2":{"start":{"line":50,"column":28},"end":{"line":54,"column":1}},"3":{"start":{"line":56,"column":22},"end":{"line":59,"column":1}},"4":{"start":{"line":61,"column":21},"end":{"line":68,"column":1}},"5":{"start":{"line":70,"column":34},"end":{"line":70,"column":52}}},"fnMap":{},"branchMap":{},"s":{"0":0,"1":0,"2":0,"3":0,"4":0,"5":0},"f":{},"b":{},"inputSourceMap":null}
,"/Users/Rosy/Desktop/CS/real-time-chat-app/src/services.js": {"path":"/Users/Rosy/Desktop/CS/real-time-chat-app/src/services.js","statementMap":{"0":{"start":{"line":3,"column":2},"end":{"line":3,"column":50}},"1":{"start":{"line":7,"column":2},"end":{"line":7,"column":32}},"2":{"start":{"line":7,"column":14},"end":{"line":7,"column":32}},"3":{"start":{"line":8,"column":2},"end":{"line":8,"column":49}},"4":{"start":{"line":8,"column":30},"end":{"line":8,"column":47}},"5":{"start":{"line":12,"column":4},"end":{"line":18,"column":22}},"6":{"start":{"line":22,"column":2},"end":{"line":29,"column":22}},"7":{"start":{"line":33,"column":4},"end":{"line":35,"column":22}},"8":{"start":{"line":39,"column":2},"end":{"line":43,"column":20}},"9":{"start":{"line":47,"column":2},"end":{"line":49,"column":20}},"10":{"start":{"line":54,"column":2},"end":{"line":60,"column":20}},"11":{"start":{"line":64,"column":2},"end":{"line":67,"column":24}},"12":{"start":{"line":72,"column":2},"end":{"line":74,"column":20}},"13":{"start":{"line":78,"column":2},"end":{"line":80,"column":3}},"14":{"start":{"line":79,"column":4},"end":{"line":79,"column":52}},"15":{"start":{"line":82,"column":2},"end":{"line":84,"column":20}},"16":{"start":{"line":88,"column":2},"end":{"line":94,"column":20}},"17":{"start":{"line":99,"column":2},"end":{"line":101,"column":3}},"18":{"start":{"line":100,"column":4},"end":{"line":100,"column":52}},"19":{"start":{"line":103,"column":2},"end":{"line":109,"column":20}},"20":{"start":{"line":114,"column":2},"end":{"line":116,"column":22}},"21":{"start":{"line":120,"column":2},"end":{"line":128,"column":20}},"22":{"start":{"line":133,"column":2},"end":{"line":139,"column":20}},"23":{"start":{"line":144,"column":2},"end":{"line":152,"column":20}}},"fnMap":{"0":{"name":"onNetwork","decl":{"start":{"line":2,"column":9},"end":{"line":2,"column":18}},"loc":{"start":{"line":2,"column":20},"end":{"line":4,"column":1}},"line":2},"1":{"name":"handleJson","decl":{"start":{"line":6,"column":9},"end":{"line":6,"column":19}},"loc":{"start":{"line":6,"column":25},"end":{"line":9,"column":1}},"line":6},"2":{"name":"(anonymous_2)","decl":{"start":{"line":8,"column":25},"end":{"line":8,"column":26}},"loc":{"start":{"line":8,"column":30},"end":{"line":8,"column":47}},"line":8},"3":{"name":"register","decl":{"start":{"line":11,"column":16},"end":{"line":11,"column":24}},"loc":{"start":{"line":11,"column":34},"end":{"line":19,"column":1}},"line":11},"4":{"name":"login","decl":{"start":{"line":21,"column":16},"end":{"line":21,"column":21}},"loc":{"start":{"line":21,"column":32},"end":{"line":30,"column":1}},"line":21},"5":{"name":"fetchSession","decl":{"start":{"line":32,"column":16},"end":{"line":32,"column":28}},"loc":{"start":{"line":32,"column":31},"end":{"line":36,"column":3}},"line":32},"6":{"name":"logout","decl":{"start":{"line":38,"column":16},"end":{"line":38,"column":22}},"loc":{"start":{"line":38,"column":25},"end":{"line":44,"column":1}},"line":38},"7":{"name":"fetchUsers","decl":{"start":{"line":46,"column":16},"end":{"line":46,"column":26}},"loc":{"start":{"line":46,"column":29},"end":{"line":50,"column":1}},"line":46},"8":{"name":"addReaction","decl":{"start":{"line":53,"column":16},"end":{"line":53,"column":27}},"loc":{"start":{"line":53,"column":36},"end":{"line":61,"column":1}},"line":53},"9":{"name":"removeReaction","decl":{"start":{"line":63,"column":16},"end":{"line":63,"column":30}},"loc":{"start":{"line":63,"column":39},"end":{"line":68,"column":1}},"line":63},"10":{"name":"fetchRoots","decl":{"start":{"line":71,"column":16},"end":{"line":71,"column":26}},"loc":{"start":{"line":71,"column":49},"end":{"line":75,"column":1}},"line":71},"11":{"name":"fetchThread","decl":{"start":{"line":77,"column":16},"end":{"line":77,"column":27}},"loc":{"start":{"line":77,"column":33},"end":{"line":85,"column":1}},"line":77},"12":{"name":"createRoot","decl":{"start":{"line":87,"column":16},"end":{"line":87,"column":26}},"loc":{"start":{"line":87,"column":55},"end":{"line":95,"column":1}},"line":87},"13":{"name":"replyThread","decl":{"start":{"line":97,"column":16},"end":{"line":97,"column":27}},"loc":{"start":{"line":97,"column":56},"end":{"line":110,"column":1}},"line":97},"14":{"name":"fetchChannels","decl":{"start":{"line":113,"column":16},"end":{"line":113,"column":29}},"loc":{"start":{"line":113,"column":32},"end":{"line":117,"column":1}},"line":113},"15":{"name":"createChannel","decl":{"start":{"line":119,"column":16},"end":{"line":119,"column":29}},"loc":{"start":{"line":119,"column":54},"end":{"line":129,"column":1}},"line":119},"16":{"name":"forwardMessage","decl":{"start":{"line":132,"column":16},"end":{"line":132,"column":30}},"loc":{"start":{"line":132,"column":88},"end":{"line":140,"column":1}},"line":132},"17":{"name":"updateMessage","decl":{"start":{"line":143,"column":16},"end":{"line":143,"column":29}},"loc":{"start":{"line":143,"column":40},"end":{"line":153,"column":1}},"line":143}},"branchMap":{"0":{"loc":{"start":{"line":7,"column":2},"end":{"line":7,"column":32}},"type":"if","locations":[{"start":{"line":7,"column":2},"end":{"line":7,"column":32}},{"start":{},"end":{}}],"line":7},"1":{"loc":{"start":{"line":71,"column":27},"end":{"line":71,"column":47}},"type":"default-arg","locations":[{"start":{"line":71,"column":39},"end":{"line":71,"column":47}}],"line":71},"2":{"loc":{"start":{"line":78,"column":2},"end":{"line":80,"column":3}},"type":"if","locations":[{"start":{"line":78,"column":2},"end":{"line":80,"column":3}},{"start":{},"end":{}}],"line":78},"3":{"loc":{"start":{"line":78,"column":6},"end":{"line":78,"column":39}},"type":"binary-expr","locations":[{"start":{"line":78,"column":6},"end":{"line":78,"column":18}},{"start":{"line":78,"column":22},"end":{"line":78,"column":39}}],"line":78},"4":{"loc":{"start":{"line":87,"column":33},"end":{"line":87,"column":53}},"type":"default-arg","locations":[{"start":{"line":87,"column":45},"end":{"line":87,"column":53}}],"line":87},"5":{"loc":{"start":{"line":97,"column":39},"end":{"line":97,"column":54}},"type":"default-arg","locations":[{"start":{"line":97,"column":50},"end":{"line":97,"column":54}}],"line":97},"6":{"loc":{"start":{"line":99,"column":2},"end":{"line":101,"column":3}},"type":"if","locations":[{"start":{"line":99,"column":2},"end":{"line":101,"column":3}},{"start":{},"end":{}}],"line":99},"7":{"loc":{"start":{"line":99,"column":6},"end":{"line":99,"column":39}},"type":"binary-expr","locations":[{"start":{"line":99,"column":6},"end":{"line":99,"column":18}},{"start":{"line":99,"column":22},"end":{"line":99,"column":39}}],"line":99},"8":{"loc":{"start":{"line":119,"column":36},"end":{"line":119,"column":52}},"type":"default-arg","locations":[{"start":{"line":119,"column":50},"end":{"line":119,"column":52}}],"line":119},"9":{"loc":{"start":{"line":132,"column":35},"end":{"line":132,"column":47}},"type":"default-arg","locations":[{"start":{"line":132,"column":45},"end":{"line":132,"column":47}}],"line":132},"10":{"loc":{"start":{"line":132,"column":49},"end":{"line":132,"column":69}},"type":"default-arg","locations":[{"start":{"line":132,"column":61},"end":{"line":132,"column":69}}],"line":132},"11":{"loc":{"start":{"line":132,"column":71},"end":{"line":132,"column":86}},"type":"default-arg","locations":[{"start":{"line":132,"column":82},"end":{"line":132,"column":86}}],"line":132}},"s":{"0":0,"1":0,"2":0,"3":0,"4":0,"5":0,"6":0,"7":0,"8":0,"9":0,"10":0,"11":0,"12":0,"13":0,"14":0,"15":0,"16":0,"17":0,"18":0,"19":0,"20":0,"21":0,"22":0,"23":0},"f":{"0":0,"1":0,"2":0,"3":0,"4":0,"5":0,"6":0,"7":0,"8":0,"9":0,"10":0,"11":0,"12":0,"13":0,"14":0,"15":0,"16":0,"17":0},"b":{"0":[0,0],"1":[0],"2":[0,0],"3":[0,0],"4":[0],"5":[0],"6":[0,0],"7":[0,0],"8":[0],"9":[0],"10":[0],"11":[0]},"inputSourceMap":null}
,"/Users/Rosy/Desktop/CS/real-time-chat-app/src/setupTests.js": {"path":"/Users/Rosy/Desktop/CS/real-time-chat-app/src/setupTests.js","statementMap":{},"fnMap":{},"branchMap":{},"s":{},"f":{},"b":{},"inputSourceMap":null}
,"/Users/Rosy/Desktop/CS/real-time-chat-app/src/socketService.js": {"path":"/Users/Rosy/Desktop/CS/real-time-chat-app/src/socketService.js","statementMap":{"0":{"start":{"line":3,"column":26},"end":{"line":5,"column":26}},"1":{"start":{"line":7,"column":13},"end":{"line":7,"column":17}},"2":{"start":{"line":10,"column":18},"end":{"line":18,"column":1}},"3":{"start":{"line":22,"column":2},"end":{"line":24,"column":3}},"4":{"start":{"line":23,"column":4},"end":{"line":23,"column":24}},"5":{"start":{"line":27,"column":2},"end":{"line":32,"column":5}},"6":{"start":{"line":34,"column":2},"end":{"line":34,"column":19}},"7":{"start":{"line":36,"column":2},"end":{"line":36,"column":16}},"8":{"start":{"line":41,"column":2},"end":{"line":41,"column":22}},"9":{"start":{"line":41,"column":15},"end":{"line":41,"column":22}},"10":{"start":{"line":43,"column":2},"end":{"line":45,"column":5}},"11":{"start":{"line":44,"column":4},"end":{"line":44,"column":36}},"12":{"start":{"line":47,"column":2},"end":{"line":49,"column":5}},"13":{"start":{"line":48,"column":4},"end":{"line":48,"column":61}},"14":{"start":{"line":51,"column":2},"end":{"line":53,"column":5}},"15":{"start":{"line":52,"column":4},"end":{"line":52,"column":48}},"16":{"start":{"line":56,"column":2},"end":{"line":60,"column":5}},"17":{"start":{"line":57,"column":4},"end":{"line":59,"column":7}},"18":{"start":{"line":58,"column":6},"end":{"line":58,"column":59}},"19":{"start":{"line":58,"column":43},"end":{"line":58,"column":57}},"20":{"start":{"line":64,"column":2},"end":{"line":64,"column":43}},"21":{"start":{"line":64,"column":36},"end":{"line":64,"column":43}},"22":{"start":{"line":65,"column":2},"end":{"line":65,"column":41}},"23":{"start":{"line":69,"column":2},"end":{"line":69,"column":43}},"24":{"start":{"line":69,"column":36},"end":{"line":69,"column":43}},"25":{"start":{"line":70,"column":2},"end":{"line":70,"column":39}},"26":{"start":{"line":75,"column":2},"end":{"line":77,"column":3}},"27":{"start":{"line":76,"column":4},"end":{"line":76,"column":26}},"28":{"start":{"line":78,"column":2},"end":{"line":78,"column":34}},"29":{"start":{"line":81,"column":2},"end":{"line":83,"column":4}},"30":{"start":{"line":82,"column":4},"end":{"line":82,"column":70}},"31":{"start":{"line":82,"column":53},"end":{"line":82,"column":68}},"32":{"start":{"line":88,"column":2},"end":{"line":91,"column":3}},"33":{"start":{"line":89,"column":4},"end":{"line":89,"column":24}},"34":{"start":{"line":90,"column":4},"end":{"line":90,"column":18}}},"fnMap":{"0":{"name":"initSocket","decl":{"start":{"line":21,"column":16},"end":{"line":21,"column":26}},"loc":{"start":{"line":21,"column":32},"end":{"line":37,"column":1}},"line":21},"1":{"name":"setupListeners","decl":{"start":{"line":40,"column":9},"end":{"line":40,"column":23}},"loc":{"start":{"line":40,"column":26},"end":{"line":61,"column":1}},"line":40},"2":{"name":"(anonymous_2)","decl":{"start":{"line":43,"column":23},"end":{"line":43,"column":24}},"loc":{"start":{"line":43,"column":29},"end":{"line":45,"column":3}},"line":43},"3":{"name":"(anonymous_3)","decl":{"start":{"line":47,"column":29},"end":{"line":47,"column":30}},"loc":{"start":{"line":
[...]
n":4},"end":{"line":239,"column":6}},"108":{"start":{"line":232,"column":6},"end":{"line":232,"column":32}},"109":{"start":{"line":233,"column":6},"end":{"line":233,"column":34}},"110":{"start":{"line":234,"column":6},"end":{"line":234,"column":34}},"111":{"start":{"line":235,"column":6},"end":{"line":235,"column":34}},"112":{"start":{"line":236,"column":6},"end":{"line":236,"column":35}},"113":{"start":{"line":237,"column":6},"end":{"line":237,"column":32}},"114":{"start":{"line":238,"column":6},"end":{"line":238,"column":33}},"115":{"start":{"line":243,"column":2},"end":{"line":247,"column":19}},"116":{"start":{"line":244,"column":4},"end":{"line":246,"column":5}},"117":{"start":{"line":245,"column":6},"end":{"line":245,"column":43}},"118":{"start":{"line":250,"column":2},"end":{"line":267,"column":4}}},"fnMap":{"0":{"name":"useChatData","decl":{"start":{"line":12,"column":16},"end":{"line":12,"column":27}},"loc":{"start":{"line":12,"column":53},"end":{"line":268,"column":1}},"line":12},"1":{"name":"(anonymous_1)","decl":{"start":{"line":28,"column":12},"end":{"line":28,"column":13}},"loc":{"start":{"line":28,"column":18},"end":{"line":30,"column":3}},"line":28},"2":{"name":"(anonymous_2)","decl":{"start":{"line":32,"column":12},"end":{"line":32,"column":13}},"loc":{"start":{"line":32,"column":18},"end":{"line":34,"column":3}},"line":32},"3":{"name":"(anonymous_3)","decl":{"start":{"line":36,"column":12},"end":{"line":36,"column":13}},"loc":{"start":{"line":36,"column":18},"end":{"line":38,"column":3}},"line":36},"4":{"name":"(anonymous_4)","decl":{"start":{"line":40,"column":12},"end":{"line":40,"column":13}},"loc":{"start":{"line":40,"column":18},"end":{"line":42,"column":3}},"line":40},"5":{"name":"(anonymous_5)","decl":{"start":{"line":44,"column":33},"end":{"line":44,"column":34}},"loc":{"start":{"line":44,"column":47},"end":{"line":46,"column":3}},"line":44},"6":{"name":"(anonymous_6)","decl":{"start":{"line":45,"column":16},"end":{"line":45,"column":17}},"loc":{"start":{"line":45,"column":22},"end":{"line":45,"column":41}},"line":45},"7":{"name":"(anonymous_7)","decl":{"start":{"line":48,"column":35},"end":{"line":48,"column":36}},"loc":{"start":{"line":48,"column":41},"end":{"line":55,"column":3}},"line":48},"8":{"name":"(anonymous_8)","decl":{"start":{"line":51,"column":13},"end":{"line":51,"column":14}},"loc":{"start":{"line":51,"column":20},"end":{"line":54,"column":7}},"line":51},"9":{"name":"(anonymous_9)","decl":{"start":{"line":57,"column":38},"end":{"line":57,"column":39}},"loc":{"start":{"line":57,"column":44},"end":{"line":64,"column":3}},"line":57},"10":{"name":"(anonymous_10)","decl":{"start":{"line":60,"column":13},"end":{"line":60,"column":14}},"loc":{"start":{"line":60,"column":20},"end":{"line":63,"column":7}},"line":60},"11":{"name":"(anonymous_11)","decl":{"start":{"line":67,"column":35},"end":{"line":67,"column":36}},"loc":{"start":{"line":67,"column":41},"end":{"line":82,"column":3}},"line":67},"12":{"name":"(anonymous_12)","decl":{"start":{"line":69,"column":12},"end":{"line":69,"column":13}},"loc":{"start":{"line":69,"column":24},"end":{"line":77,"column":7}},"line":69},"13":{"name":"(anonymous_13)","decl":{"start":{"line":72,"column":40},"end":{"line":72,"column":41}},"loc":{"start":{"line":72,"column":46},"end":{"line":75,"column":9}},"line":72},"14":{"name":"(anonymous_14)","decl":{"start":{"line":78,"column":13},"end":{"line":78,"column":14}},"loc":{"start":{"line":78,"column":20},"end":{"line":81,"column":7}},"line":78},"15":{"name":"(anonymous_15)","decl":{"start":{"line":84,"column":36},"end":{"line":84,"column":37}},"loc":{"start":{"line":84,"column":45},"end":{"line":101,"column":3}},"line":84},"16":{"name":"(anonymous_16)","decl":{"start":{"line":86,"column":12},"end":{"line":86,"column":13}},"loc":{"start":{"line":86,"column":35},"end":{"line":96,"column":7}},"line":86},"17":{"name":"(anonymous_17)","decl":{"start":{"line":91,"column":42},"end":{"line":91,"column":43}},"loc":{"start":{"line":91,"column":48},"end":{"line":94,"column":11}},"line":91},"18":{"name":"(anonymous_18)","decl":{"start":{"line":97,"column":13},"end":{"line":97,"column":14}},"loc":{"start":{"line":97,"column":20},"end":{"line":100,"column":7}},"line":97},"19":{"name":"(anonymous_19)","decl":{"start":{"line":103,"column":37},"end":{"line":103,"column":38}},"loc":{"start":{"line":103,"column":69},"end":{"line":109,"column":3}},"line":103},"20":{"name":"(anonymous_20)","decl":{"start":{"line":108,"column":13},"end":{"line":108,"column":14}},"loc":{"start":{"line":108,"column":20},"end":{"line":108,"column":51}},"line":108},"21":{"name":"(anonymous_21)","decl":{"start":{"line":112,"column":12},"end":{"line":112,"column":13}},"loc":{"start":{"line":112,"column":18},"end":{"line":115,"column":3}},"line":112},"22":{"name":"(anonymous_22)","decl":{"start":{"line":117,"column":12},"end":{"line":117,"column":13}},"loc":{"start":{"line":117,"column":18},"end":{"line":119,"column":3}},"line":117},"23":{"name":"(anonymous_23)","decl":{"start":{"line":122,"column":12},"end":{"line":122,"column":13}},"loc":{"start":{"line":122,"column":18},"end":{"line":240,"column":3}},"line":122},"24":{"name":"(anonymous_24)","decl":{"start":{"line":127,"column":70},"end":{"line":127,"column":71}},"loc":{"start":{"line":127,"column":82},"end":{"line":129,"column":5}},"line":127},"25":{"name":"(anonymous_25)","decl":{"start":{"line":131,"column":74},"end":{"line":131,"column":75}},"loc":{"start":{"line":131,"column":88},"end":{"line":133,"column":5}},"line":131},"26":{"name":"(anonymous_26)","decl":{"start":{"line":132,"column":18},"end":{"line":132,"column":19}},"loc":{"start":{"line":132,"column":34},"end":{"line":132,"column":63}},"line":132},"27":{"name":"(anonymous_27)","decl":{"start":{"line":135,"column":74},"end":{"line":135,"column":75}},"loc":{"start":{"line":135,"column":88},"end":{"line":152,"column":7}},"line":135},"28":{"name":"(anonymous_28)","decl":{"start":{"line":145,"column":24},"end":{"line":145,"column":25}},"loc":{"start":{"line":145,"column":32},"end":{"line":145,"column":53}},"line":145},"29":{"name":"(anonymous_29)","decl":{"start":{"line":150,"column":19},"end":{"line":150,"column":20}},"loc":{"start":{"line":150,"column":27},"end":{"line":150,"column":48}},"line":150},"30":{"name":"(anonymous_30)","decl":{"start":{"line":154,"column":74},"end":{"line":154,"column":75}},"loc":{"start":{"line":154,"column":92},"end":{"line":178,"column":5}},"line":154},"31":{"name":"(anonymous_31)","decl":{"start":{"line":163,"column":17},"end":{"line":163,"column":18}},"loc":{"start":{"line":163,"column":30},"end":{"line":167,"column":9}},"line":163},"32":{"name":"(anonymous_32)","decl":{"start":{"line":164,"column":31},"end":{"line":164,"column":32}},"loc":{"start":{"line":165,"column":12},"end":{"line":165,"column":49}},"line":165},"33":{"name":"(anonymous_33)","decl":{"start":{"line":172,"column":22},"end":{"line":172,"column":23}},"loc":{"start":{"line":172,"column":34},"end":{"line":176,"column":9}},"line":172},"34":{"name":"(anonymous_34)","decl":{"start":{"line":173,"column":30},"end":{"line":173,"column":31}},"loc":{"start":{"line":174,"column":12},"end":{"line":174,"column":49}},"line":174},"35":{"name":"(anonymous_35)","decl":{"start":{"line":180,"column":77},"end":{"line":180,"column":78}},"loc":{"start":{"line":180,"column":95},"end":{"line":204,"column":10}},"line":180},"36":{"name":"(anonymous_36)","decl":{"start":{"line":192,"column":19},"end":{"line":192,"column":20}},"loc":{"start":{"line":193,"column":12},"end":{"line":193,"column":62}},"line":193},"37":{"name":"(anonymous_37)","decl":{"start":{"line":193,"column":21},"end":{"line":193,"column":22}},"loc":{"start":{"line":193,"column":27},"end":{"line":193,"column":60}},"line":193},"38":{"name":"(anonymous_38)","decl":{"start":{"line":201,"column":24},"end":{"line":201,"column":25}},"loc":{"start":{"line":202,"column":12},"end":{"line":202,"column":62}},"line":202},"39":{"name":"(anonymous_39)","decl":{"start":{"line":202,"column":21},"end":{"line":202,"column":22}},"loc":{"start":{"line":202,"column":27},"end":{"line":202,"column":60}},"line":202},"40":{"name":"(anonymous_40)","decl":{"start":{"line":207,"column":68},"end":{"line":207,"column":69}},"loc":{"start":{"line":207,"column":80},"end":{"line":216,"column":3}},"line":207},"41":{"name":"(anonymous_41)","decl":{"start":{"line":214,"column":22},"end":{"line":214,"column":23}},"loc":{"start":{"line":214,"column":30},"end":{"line":214,"column":56}},"line":214},"42":{"name":"(anonymous_42)","decl":{"start":{"line":218,"column":72},"end":{"line":218,"column":73}},"loc":{"start":{"line":218,"column":87},"end":{"line":229,"column":5}},"line":218},"43":{"name":"(anonymous_43)","decl":{"start":{"line":223,"column":17},"end":{"line":223,"column":18}},"loc":{"start":{"line":223,"column":30},"end":{"line":227,"column":9}},"line":223},"44":{"name":"(anonymous_44)","decl":{"start":{"line":224,"column":31},"end":{"line":224,"column":32}},"loc":{"start":{"line":225,"column":12},"end":{"line":225,"column":46}},"line":225},"45":{"name":"(anonymous_45)","decl":{"start":{"line":231,"column":11},"end":{"line":231,"column":12}},"loc":{"start":{"line":231,"column":17},"end":{"line":239,"column":5}},"line":231},"46":{"name":"(anonymous_46)","decl":{"start":{"line":243,"column":12},"end":{"line":243,"column":13}},"loc":{"start":{"line":243,"column":18},"end":{"line":247,"column":3}},"line":243}},"branchMap":{"0":{"loc":{"start":{"line":52,"column":16},"end":{"line":52,"column":38}},"type":"binary-expr","locations":[{"start":{"line":52,"column":16},"end":{"line":52,"column":25}},{"start":{"line":52,"column":29},"end":{"line":52,"column":38}}],"line":52},"1":{"loc":{"start":{"line":61,"column":16},"end":{"line":61,"column":38}},"type":"binary-expr","locations":[{"start":{"line":61,"column":16},"end":{"line":61,"column":25}},{"start":{"line":61,"column":29},"end":{"line":61,"column":38}}],"line":61},"2":{"loc":{"start":{"line":74,"column":44},"end":{"line":74,"column":61}},"type":"binary-expr","locations":[{"start":{"line":74,"column":44},"end":{"line":74,"column":55}},{"start":{"line":74,"column":59},"end":{"line":74,"column":61}}],"line":74},"3":{"loc":{"start":{"line":79,"column":16},"end":{"line":79,"column":38}},"type":"binary-expr","locations":[{"start":{"line":79,"column":16},"end":{"line":79,"column":25}},{"start":{"line":79,"column":29},"end":{"line":79,"column":38}}],"line":79},"4":{"loc":{"start":{"line":89,"column":46},"end":{"line":89,"column":66}},"type":"binary-expr","locations":[{"start":{"line":89,"column":46},"end":{"line":89,"column":60}},{"start":{"line":89,"column":64},"end":{"line":89,"column":66}}],"line":89},"5":{"loc":{"start":{"line":93,"column":46},"end":{"line":93,"column":63}},"type":"binary-expr","locations":[{"start":{"line":93,"column":46},"end":{"line":93,"column":57}},{"start":{"line":93,"column":61},"end":{"line":93,"column":63}}],"line":93},"6":{"loc":{"start":{"line":98,"column":16},"end":{"line":98,"column":38}},"type":"binary-expr","locations":[{"start":{"line":98,"column":16},"end":{"line":98,"column":25}},{"start":{"line":98,"column":29},"end":{"line":98,"column":38}}],"line":98},"7":{"loc":{"start":{"line":106,"column":19},"end":{"line":106,"column":60}},"type":"cond-expr","locations":[{"start":{"line":106,"column":32},"end":{"line":106,"column":46}},{"start":{"line":106,"column":49},"end":{"line":106,"column":60}}],"line":106},"8":{"loc":{"start":{"line":108,"column":28},"end":{"line":108,"column":50}},"type":"binary-expr","locations":[{"start":{"line":108,"column":28},"end":{"line":108,"column":37}},{"start":{"line":108,"column":41},"end":{"line":108,"column":50}}],"line":108},"9":{"loc":{"start":{"line":139,"column":44},"end":{"line":139,"column":70}},"type":"binary-expr","locations":[{"start":{"line":139,"column":44},"end":{"line":139,"column":64}},{"start":{"line":139,"column":68},"end":{"line":139,"column":70}}],"line":139},"10":{"loc":{"start":{"line":141,"column":8},"end":{"line":151,"column":9}},"type":"if","locations":[{"start":{"line":141,"column":8},"end":{"line":151,"column":9}},{"start":{"line":146,"column":15},"end":{"line":151,"column":9}}],"line":141},"11":{"loc":{"start":{"line":142,"column":10},"end":{"line":143,"column":55}},"type":"binary-expr","locations":[{"start":{"line":142,"column":10},"end":{"line":142,"column":39}},{"start":{"line":143,"column":10},"end":{"line":143,"column":55}}],"line":142},"12":{"loc":{"start":{"line":146,"column":15},"end":{"line":151,"column":9}},"type":"if","locations":[{"start":{"line":146,"column":15},"end":{"line":151,"column":9}},{"start":{},"end":{}}],"line":146},"13":{"loc":{"start":{"line":147,"column":10},"end":{"line":148,"column":30}},"type":"binary-expr","locations":[{"start":{"line":147,"column":10},"end":{"line":147,"column":60}},{"start":{"line":148,"column":10},"end":{"line":148,"column":30}}],"line":147},"14":{"loc":{"start":{"line":155,"column":18},"end":{"line":155,"column":69}},"type":"binary-expr","locations":[{"start":{"line":155,"column":18},"end":{"line":155,"column":35}},{"start":{"line":155,"column":39},"end":{"line":155,"column":69}}],"line":155},"15":{"loc":{"start":{"line":158,"column":6},"end":{"line":160,"column":7}},"type":"if","locations":[{"start":{"line":158,"column":6},"end":{"line":160,"column":7}},{"start":{},"end":{}}],"line":158},"16":{"loc":{"start":{"line":158,"column":10},"end":{"line":158,"column":50}},"type":"binary-expr","locations":[{"start":{"line":158,"column":10},"end":{"line":158,"column":28}},{"start":{"line":158,"column":32},"end":{"line":158,"column":50}}],"line":158},"17":{"loc":{"start":{"line":162,"column":6},"end":{"line":168,"column":7}},"type":"if","locations":[{"start":{"line":162,"column":6},"end":{"line":168,"column":7}},{"start":{},"end":{}}],"line":162},"18":{"loc":{"start":{"line":162,"column":10},"end":{"line":162,"column":92}},"type":"binary-expr","locations":[{"start":{"line":162,"column":10},"end":{"line":162,"column":64}},{"start":{"line":162,"column":68},"end":{"line":162,"column":92}}],"line":162},"19":{"loc":{"start":{"line":165,"column":12},"end":{"line":165,"column":49}},"type":"cond-expr","locations":[{"start":{"line":165,"column":29},"end":{"line":165,"column":43}},{"start":{"line":165,"column":46},"end":{"line":165,"column":49}}],"line":165},"20":{"loc":{"start":{"line":171,"column":6},"end":{"line":177,"column":7}},"type":"if","locations":[{"start":{"line":171,"column":6},"end":{"line":177,"column":7}},{"start":{},"end":{}}],"line":171},"21":{"loc":{"start":{"line":171,"column":10},"end":{"line":171,"column":106}},"type":"binary-expr","locations":[{"start":{"line":171,"column":10},"end":{"line":171,"column":59}},{"start":{"line":171,"column":63},"end":{"line":171,"column":106}}],"line":171},"22":{"loc":{"start":{"line":174,"column":12},"end":{"line":174,"column":49}},"type":"cond-expr","locations":[{"start":{"line":174,"column":29},"end":{"line":174,"column":43}},{"start":{"line":174,"column":46},"end":{"line":174,"column":49}}],"line":174},"23":{"loc":{"start":{"line":182,"column":20},"end":{"line":182,"column":71}},"type":"binary-expr","locations":[{"start":{"line":182,"column":20},"end":{"line":182,"column":37}},{"start":{"line":182,"column":41},"end":{"line":182,"column":71}}],"line":182},"24":{"loc":{"start":{"line":185,"column":25},"end":{"line":185,"column":55}},"type":"binary-expr","locations":[{"start":{"line":185,"column":25},"end":{"line":185,"column":49}},{"start":{"line":185,"column":53},"end":{"line":185,"column":55}}],"line":185},"25":{"loc":{"start":{"line":188,"column":8},"end":{"line":194,"column":9}},"type":"if","locations":[{"start":{"line":188,"column":8},"end":{"line":194,"column":9}},{"start":{},"end":{}}],"line":188},"26":{"loc":{"start":{"line":189,"column":10},"end":{"line":190,"column":34}},"type":"binary-expr","locations":[{"start":{"line":189,"column":10},"end":{"line":189,"column":64}},{"start":{"line":190,"column":10},"end":{"line":190,"column":34}}],"line":189},"27":{"loc":{"start":{"line":193,"column":27},"end":{"line":193,"column":60}},"type":"cond-expr","locations":[{"start":{"line":193,"column":42},"end":{"line":193,"column":56}},{"start":{"line":193,"column":59},"end":{"line":193,"column":60}}],"line":193},"28":{"loc":{"start":{"line":197,"column":8},"end":{"line":204,"column":9}},"type":"if","locations":[{"start":{"line":197,"column":8},"end":{"line":204,"column":9}},{"start":{},"end":{}}],"line":197},"29":{"loc":{"start":{"line":198,"column":10},"end":{"line":199,"column":39}},"type":"binary-expr","locations":[{"start":{"line":198,"column":10},"end":{"line":198,"column":59}},{"start":{"line":199,"column":10},"end":{"line":199,"column":39}}],"line":198},"30":{"loc":{"start":{"line":202,"column":27},"end":{"line":202,"column":60}},"type":"cond-expr","locations":[{"start":{"line":202,"column":42},"end":{"line":202,"column":56}},{"start":{"line":202,"column":59},"end":{"line":202,"column":60}}],"line":202},"31":{"loc":{"start":{"line":211,"column":42},"end":{"line":211,"column":66}},"type":"binary-expr","locations":[{"start":{"line":211,"column":42},"end":{"line":211,"column":60}},{"start":{"line":211,"column":64},"end":{"line":211,"column":66}}],"line":211},"32":{"loc":{"start":{"line":213,"column":6},"end":{"line":215,"column":7}},"type":"if","locations":[{"start":{"line":213,"column":6},"end":{"line":215,"column":7}},{"start":{},"end":{}}],"line":213},"33":{"loc":{"start":{"line":219,"column":18},"end":{"line":219,"column":63}},"type":"binary-expr","locations":[{"start":{"line":219,"column":18},"end":{"line":219,"column":32}},{"start":{"line":219,"column":36},"end":{"line":219,"column":63}}],"line":219},"34":{"loc":{"start":{"line":222,"column":6},"end":{"line":228,"column":7}},"type":"if","locations":[{"start":{"line":222,"column":6},"end":{"line":228,"column":7}},{"start":{},"end":{}}],"line":222},"35":{"loc":{"start":{"line":225,"column":12},"end":{"line":225,"column":46}},"type":"cond-expr","locations":[{"start":{"line":225,"column":29},"end":{"line":225,"column":40}},{"start":{"line":225,"column":43},"end":{"line":225,"column":46}}],"line":225},"36":{"loc":{"start":{"line":244,"column":4},"end":{"line":246,"column":5}},"type":"if","locations":[{"start":{"line":244,"column":4},"end":{"line":246,"column":5}},{"start":{},"end":{}}],"line":244}},"s":{"0":0,"1":0,"2":0,"3":0,"4":0,"5":0,"6":0,"7":0,"8":0,"9":0,"10":0,"11":0,"12":0,"13":0,"14":0,"15":0,"16":0,"17":0,"18":0,"19":0,"20":0,"21":0,"22":0,"23":0,"24":0,"25":0,"26":0,"27":0,"28":0,"29":0,"30":0,"31":0,"32":0,"33":0,"34":0,"35":0,"36":0,"37":0,"38":0,"39":0,"40":0,"41":0,"42":0,"43":0,"44":0,"45":0,"46":0,"47":0,"48":0,"49":0,"50":0,"51":0,"52":0,"53":0,"54":0,"55":0,"56":0,"57":0,"58":0,"59":0,"60":0,"61":0,"62":0,"63":0,"64":0,"65":0,"66":0,"67":0,"68":0,"69":0,"70":0,"71":0,"72":0,"73":0,"74":0,"75":0,"76":0,"77":0,"78":0,"79":0,"80":0,"81":0,"82":0,"83":0,"84":0,"85":0,"86":0,"87":0,"88":0,"89":0,"90":0,"91":0,"92":0,"93":0,"94":0,"95":0,"96":0,"97":0,"98":0,"99":0,"100":0,"101":0,"102":0,"103":0,"104":0,"105":0,"106":0,"107":0,"108":0,"109":0,"110":0,"111":0,"112":0,"113":0,"114":0,"115":0,"116":0,"117":0,"118":0},"f":{"0":0,"1":0,"2":0,"3":0,"4":0,"5":0,"6":0,"7":0,"8":0,"9":0,"10":0,"11":0,"12":0,"13":0,"14":0,"15":0,"16":0,"17":0,"18":0,"19":0,"20":0,"21":0,"22":0,"23":0,"24":0,"25":0,"26":0,"27":0,"28":0,"29":0,"30":0,"31":0,"32":0,"33":0,"34":0,"35":0,"36":0,"37":0,"38":0,"39":0,"40":0,"41":0,"42":0,"43":0,"44":0,"45":0,"46":0},"b":{"0":[0,0],"1":[0,0],"2":[0,0],"3":[0,0],"4":[0,0],"5":[0,0],"6":[0,0],"7":[0,0],"8":[0,0],"9":[0,0],"10":[0,0],"11":[0,0],"12":[0,0],"13":[0,0],"14":[0,0],"15":[0,0],"16":[0,0],"17":[0,0],"18":[0,0],"19":[0,0],"20":[0,0],"21":[0,0],"22":[0,0],"23":[0,0],"24":[0,0],"25":[0,0],"26":[0,0],"27":[0,0],"28":[0,0],"29":[0,0],"30":[0,0],"31":[0,0],"32":[0,0],"33":[0,0],"34":[0,0],"35":[0,0],"36":[0,0]},"inputSourceMap":null}
}
