TN:
SF:channels.js
FN:3,initializeChannels
FN:14,getChannels
FN:18,getChannel
FN:22,createChannel
FNF:4
FNH:0
FNDA:0,initializeChannels
FNDA:0,getChannels
FNDA:0,getChannel
FNDA:0,createChannel
DA:4,0
DA:6,0
DA:7,0
DA:15,0
DA:19,0
DA:23,0
DA:24,0
DA:27,0
DA:28,0
DA:31,0
DA:32,0
DA:33,0
DA:36,0
DA:41,0
LF:14
LH:0
BRDA:6,0,0,0
BRDA:6,0,1,0
BRDA:23,1,0,0
BRDA:23,1,1,0
BRDA:27,2,0,0
BRDA:27,2,1,0
BRDA:32,3,0,0
BRDA:32,3,1,0
BRF:8
BRH:0
end_of_record
TN:
SF:db.js
FN:3,(anonymous_0)
FNF:1
FNH:0
FNDA:0,(anonymous_0)
DA:3,0
DA:4,0
DA:5,0
DA:6,0
DA:7,0
DA:9,0
DA:10,0
LF:7
LH:0
BRF:0
BRH:0
end_of_record
TN:
SF:emoji.js
FNF:0
FNH:0
DA:1,1
DA:10,1
LF:2
LH:2
BRF:0
BRH:0
end_of_record
TN:
SF:messages.js
FN:6,documentToObject
FN:15,addReaction
FN:38,removeReaction
FN:70,addMessage
FN:85,getMessage
FN:96,listRoots
FN:100,(anonymous_6)
FN:107,listThread
FN:114,(anonymous_8)
FN:121,forwardMessage
FN:149,updateMessage
FNF:11
FNH:0
FNDA:0,documentToObject
FNDA:0,addReaction
FNDA:0,removeReaction
FNDA:0,addMessage
FNDA:0,getMessage
FNDA:0,listRoots
FNDA:0,(anonymous_6)
FNDA:0,listThread
FNDA:0,(anonymous_8)
FNDA:0,forwardMessage
FNDA:0,updateMessage
DA:7,0
DA:8,0
DA:9,0
DA:10,0
DA:12,0
DA:16,0
DA:17,0
DA:18,0
DA:19,0
DA:20,0
DA:21,0
DA:23,0
DA:30,0
DA:31,0
DA:33,0
DA:34,0
DA:39,0
DA:40,0
DA:41,0
DA:42,0
DA:43,0
DA:44,0
DA:46,0
DA:53,0
DA:54,0
DA:55,0
DA:63,0
DA:65,0
DA:66,0
DA:71,0
DA:72,0
DA:73,0
DA:82,0
DA:86,0
DA:87,0
DA:88,0
DA:89,0
DA:91,0
DA:92,0
DA:97,0
DA:98,0
DA:100,0
DA:102,0
DA:103,0
DA:108,0
DA:109,0
DA:110,0
DA:111,0
DA:112,0
DA:114,0
DA:116,0
DA:117,0
DA:122,0
DA:123,0
DA:124,0
DA:125,0
DA:126,0
DA:127,0
DA:128,0
DA:142,0
DA:144,0
DA:145,0
DA:150,0
DA:151,0
DA:152,0
DA:153,0
DA:154,0
DA:155,0
DA:156,0
DA:157,0
DA:158,0
DA:160,0
DA:161,0
LF:73
LH:0
BRDA:7,0,0,0
BRDA:7,0,1,0
BRDA:8,1,0,0
BRDA:8,1,1,0
BRDA:9,2,0,0
BRDA:9,2,1,0
BRDA:9,3,0,0
BRDA:9,3,1,0
BRDA:17,4,0,0
BRDA:17,4,1,0
BRDA:18,5,0,0
BRDA:18,5,1,0
BRDA:18,6,0,0
BRDA:18,6,1,0
BRDA:19,7,0,0
BRDA:19,7,1,0
BRDA:30,8,0,0
BRDA:30,8,1,0
BRDA:40,9,0,0
BRDA:40,9,1,0
BRDA:41,10,0,0
BRDA:41,10,1,0
BRDA:41,11,0,0
BRDA:41,11,1,0
BRDA:42,12,0,0
BRDA:42,12,1,0
BRDA:53,13,0,0
BRDA:53,13,1,0
BRDA:54,14,0,0
BRDA:54,14,1,0
BRDA:70,15,0,0
BRDA:71,16,0,0
BRDA:71,17,0,0
BRDA:71,18,0,0
BRDA:71,19,0,0
BRDA:87,20,0,0
BRDA:87,20,1,0
BRDA:96,21,0,0
BRDA:109,22,0,0
BRDA:109,22,1,0
BRDA:111,23,0,0
BRDA:111,23,1,0
BRDA:121,24,0,0
BRDA:121,25,0,0
BRDA:122,26,0,0
BRDA:122,27,0,0
BRDA:124,28,0,0
BRDA:124,28,1,0
BRDA:126,29,0,0
BRDA:126,29,1,0
BRDA:127,30,0,0
BRDA:127,30,1,0
BRDA:151,31,0,0
BRDA:151,31,1,0
BRDA:153,32,0,0
BRDA:153,32,1,0
BRDA:154,33,0,0
BRDA:154,33,1,0
BRF:58
BRH:0
end_of_record
TN:
SF:server.js
FN:12,(anonymous_0)
FN:15,(anonymous_1)
FN:18,initializeDatabase
FN:52,ensureLogin
FN:64,(anonymous_4)
FN:81,(anonymous_5)
FN:92,(anonymous_6)
FN:100,(anonymous_7)
FN:102,(anonymous_8)
FN:107,(anonymous_9)
FN:111,(anonymous_10)
FN:116,(anonymous_11)
FN:146,(anonymous_12)
FN:176,(anonymous_13)
FN:181,(anonymous_14)
FN:187,(anonymous_15)
FN:193,(anonymous_16)
FN:221,(anonymous_17)
FN:248,(anonymous_18)
FN:254,(anonymous_19)
FN:264,(anonymous_20)
FN:280,(anonymous_21)
FN:289,(anonymous_22)
FN:304,(anonymous_23)
FN:346,(anonymous_24)
FN:350,(anonymous_25)
FN:377,(anonymous_26)
FN:384,(anonymous_27)
FN:393,(anonymous_28)
FN:402,(anonymous_29)
FN:423,(anonymous_30)
FN:450,(anonymous_31)
FNF:32
FNH:0
FNDA:0,(anonymous_0)
FNDA:0,(anonymous_1)
FNDA:0,initializeDatabase
FNDA:0,ensureLogin
FNDA:0,(anonymous_4)
FNDA:0,(anonymous_5)
FNDA:0,(anonymous_6)
FNDA:0,(anonymous_7)
FNDA:0,(anonymous_8)
FNDA:0,(anonymous_9)
FNDA:0,(anonymous_10)
FNDA:0,(anonymous_11)
FNDA:0,(anonymous_12)
FNDA:0,(anonymous_13)
FNDA:0,(anonymous_14)
FNDA:0,(anonymous_15)
FNDA:0,(anonymous_16)
FNDA:0,(anonymous_17)
FNDA:0,(anonymous_18)
FNDA:0,(anonymous_19)
FNDA:0,(anonymous_20)
FNDA:0,(anonymous_21)
FNDA:0,(anonymous_22)
FNDA:0,(anonymous_23)
FNDA:0,(anonymous_24)
FNDA:0,(anonymous_25)
FNDA:0,(anonymous_26)
FNDA:0,(anonymous_27)
FNDA:0,(anonymous_28)
FNDA:0,(anonymous_29)
FNDA:0,(anonymous_30)
FNDA:0,(anonymous_31)
DA:12,0
DA:13,0
DA:15,0
DA:19,0
DA:21,0
DA:22,0
DA:23,0
DA:24,0
DA:27,0
DA:29,0
DA:33,0
DA:35,0
DA:36,0
DA:39,0
DA:42,0
DA:49,0
DA:50,0
DA:53,0
DA:54,0
DA:55,0
DA:56,0
DA:57,0
DA:59,0
DA:60,0
DA:64,0
DA:65,0
DA:66,0
DA:67,0
DA:70,0
DA:71,0
DA:72,0
DA:75,0
DA:76,0
DA:77,0
DA:81,0
DA:82,0
DA:85,0
DA:88,0
DA:91,0
DA:92,0
DA:93,0
DA:97,0
DA:98,0
DA:100,0
DA:101,0
DA:102,0
DA:103,0
DA:107,0
DA:108,0
DA:111,0
DA:112,0
DA:116,0
DA:117,0
DA:119,0
DA:120,0
DA:121,0
DA:124,0
DA:125,0
DA:126,0
DA:129,0
DA:130,0
DA:131,0
DA:134,0
DA:135,0
DA:136,0
DA:140,0
DA:141,0
DA:143,0
DA:146,0
DA:147,0
DA:149,0
DA:150,0
DA:151,0
DA:154,0
DA:155,0
DA:156,0
DA:159,0
DA:160,0
DA:161,0
DA:164,0
DA:165,0
DA:166,0
DA:169,0
DA:170,0
DA:171,0
DA:174,0
DA:176,0
DA:177,0
DA:178,0
DA:181,0
DA:182,0
DA:183,0
DA:184,0
DA:187,0
DA:188,0
DA:189,0
DA:193,0
DA:194,0
DA:195,0
DA:196,0
DA:197,0
DA:198,0
DA:202,0
DA:204,0
DA:205,0
DA:206,0
DA:208,0
DA:211,0
DA:212,0
DA:213,0
DA:215,0
DA:218,0
DA:221,0
DA:222,0
DA:223,0
DA:224,0
DA:225,0
DA:229,0
DA:231,0
DA:232,0
DA:233,0
DA:235,0
DA:238,0
DA:239,0
DA:240,0
DA:242,0
DA:244,0
DA:248,0
DA:249,0
DA:251,0
DA:254,0
DA:255,0
DA:256,0
DA:257,0
DA:258,0
DA:261,0
DA:264,0
DA:265,0
DA:266,0
DA:267,0
DA:270,0
DA:271,0
DA:272,0
DA:274,0
DA:277,0
DA:278,0
DA:280,0
DA:281,0
DA:282,0
DA:283,0
DA:286,0
DA:289,0
DA:290,0
DA:292,0
DA:293,0
DA:296,0
DA:299,0
DA:301,0
DA:304,0
DA:305,0
DA:306,0
DA:307,0
DA:310,0
DA:311,0
DA:312,0
DA:315,0
DA:316,0
DA:317,0
DA:320,0
DA:322,0
DA:329,0
DA:332,0
DA:333,0
DA:334,0
DA:335,0
DA:339,0
DA:342,0
DA:346,0
DA:347,0
DA:350,0
DA:351,0
DA:353,0
DA:354,0
DA:357,0
DA:358,0
DA:361,0
DA:363,0
DA:364,0
DA:365,0
DA:367,0
DA:368,0
DA:370,0
DA:374,0
DA:377,0
DA:378,0
DA:381,0
DA:384,0
DA:385,0
DA:386,0
DA:388,0
DA:389,0
DA:392,0
DA:393,0
DA:394,0
DA:395,0
DA:398,0
DA:402,0
DA:403,0
DA:404,0
DA:406,0
DA:409,0
DA:410,0
DA:414,0
DA:415,0
DA:417,0
DA:419,0
DA:423,0
DA:424,0
DA:425,0
DA:426,0
DA:429,0
DA:431,0
DA:432,0
DA:435,0
DA:436,0
DA:440,0
DA:441,0
DA:443,0
DA:446,0
DA:449,0
DA:450,0
LF:231
LH:0
BRDA:22,0,0,0
BRDA:22,0,1,0
BRDA:36,1,0,0
BRDA:36,1,1,0
BRDA:54,2,0,0
BRDA:54,2,1,0
BRDA:55,3,0,0
BRDA:55,3,1,0
BRDA:55,4,0,0
BRDA:55,4,1,0
BRDA:66,5,0,0
BRDA:66,5,1,0
BRDA:71,6,0,0
BRDA:71,6,1,0
BRDA:119,7,0,0
BRDA:119,7,1,0
BRDA:124,8,0,0
BRDA:124,8,1,0
BRDA:129,9,0,0
BRDA:129,9,1,0
BRDA:135,10,0,0
BRDA:135,10,1,0
BRDA:149,11,0,0
BRDA:149,11,1,0
BRDA:154,12,0,0
BRDA:154,12,1,0
BRDA:159,13,0,0
BRDA:159,13,1,0
BRDA:164,14,0,0
BRDA:164,14,1,0
BRDA:177,15,0,0
BRDA:177,15,1,0
BRDA:196,16,0,0
BRDA:196,16,1,0
BRDA:202,17,0,0
BRDA:202,17,1,0
BRDA:204,18,0,0
BRDA:204,18,1,0
BRDA:205,19,0,0
BRDA:205,19,1,0
BRDA:205,20,0,0
BRDA:205,20,1,0
BRDA:211,21,0,0
BRDA:211,21,1,0
BRDA:212,22,0,0
BRDA:212,22,1,0
BRDA:212,23,0,0
BRDA:212,23,1,0
BRDA:215,24,0,0
BRDA:215,24,1,0
BRDA:223,25,0,0
BRDA:223,25,1,0
BRDA:229,26,0,0
BRDA:229,26,1,0
BRDA:231,27,0,0
BRDA:231,27,1,0
BRDA:232,28,0,0
BRDA:232,28,1,0
BRDA:232,29,0,0
BRDA:232,29,1,0
BRDA:238,30,0,0
BRDA:238,30,1,0
BRDA:239,31,0,0
BRDA:239,31,1,0
BRDA:239,32,0,0
BRDA:239,32,1,0
BRDA:242,33,0,0
BRDA:242,33,1,0
BRDA:249,34,0,0
BRDA:249,34,1,0
BRDA:256,35,0,0
BRDA:256,35,1,0
BRDA:266,36,0,0
BRDA:266,36,1,0
BRDA:271,37,0,0
BRDA:271,37,1,0
BRDA:277,38,0,0
BRDA:277,38,1,0
BRDA:281,39,0,0
BRDA:281,39,1,0
BRDA:290,40,0,0
BRDA:292,41,0,0
BRDA:292,41,1,0
BRDA:292,42,0,0
BRDA:292,42,1,0
BRDA:305,43,0,0
BRDA:306,44,0,0
BRDA:306,44,1,0
BRDA:306,45,0,0
BRDA:306,45,1,0
BRDA:311,46,0,0
BRDA:311,46,1,0
BRDA:316,47,0,0
BRDA:316,47,1,0
BRDA:320,48,0,0
BRDA:320,48,1,0
BRDA:324,49,0,0
BRDA:324,49,1,0
BRDA:333,50,0,0
BRDA:333,50,1,0
BRDA:353,51,0,0
BRDA:353,51,1,0
BRDA:357,52,0,0
BRDA:357,52,1,0
BRDA:363,53,0,0
BRDA:363,53,1,0
BRDA:364,54,0,0
BRDA:364,54,1,0
BRDA:367,55,0,0
BRDA:367,55,1,0
BRDA:388,56,0,0
BRDA:388,56,1,0
BRDA:403,57,0,0
BRDA:403,58,0,0
BRDA:403,59,0,0
BRDA:409,60,0,0
BRDA:409,60,1,0
BRDA:414,61,0,0
BRDA:414,61,1,0
BRDA:425,62,0,0
BRDA:425,62,1,0
BRDA:425,63,0,0
BRDA:425,63,1,0
BRDA:431,64,0,0
BRDA:431,64,1,0
BRDA:435,65,0,0
BRDA:435,65,1,0
BRDA:440,66,0,0
BRDA:440,66,1,0
BRDA:443,67,0,0
BRDA:443,67,1,0
BRF:131
BRH:0
end_of_record
TN:
SF:sessions.js
FN:5,addSession
FN:11,getSessionUser
FN:16,deleteSession
FN:20,getAllUsers
FN:24,(anonymous_4)
FNF:5
FNH:0
FNDA:0,addSession
FNDA:0,getSessionUser
FNDA:0,deleteSession
FNDA:0,getAllUsers
FNDA:0,(anonymous_4)
DA:6,0
DA:7,0
DA:8,0
DA:12,0
DA:13,0
DA:17,0
DA:21,0
DA:22,0
DA:24,0
DA:25,0
DA:28,0
LF:11
LH:0
BRDA:13,0,0,0
BRDA:13,0,1,0
BRF:2
BRH:0
end_of_record
TN:
SF:users.js
FN:3,isValid
FN:10,register
FN:24,isRegistered
FNF:3
FNH:0
FNDA:0,isValid
FNDA:0,register
FNDA:0,isRegistered
DA:4,0
DA:5,0
DA:6,0
DA:7,0
DA:11,0
DA:12,0
DA:15,0
DA:16,0
DA:17,0
DA:20,0
DA:21,0
DA:25,0
DA:26,0
LF:13
LH:0
BRDA:5,0,0,0
BRDA:5,0,1,0
BRDA:6,1,0,0
BRDA:6,1,1,0
BRDA:11,2,0,0
BRDA:11,2,1,0
BRDA:16,3,0,0
BRDA:16,3,1,0
BRF:8
BRH:0
end_of_record
TN:
SF:vitest.config.js
FNF:0
FNH:0
LF:0
LH:0
BRF:0
BRH:0
end_of_record
TN:
SF:models/Channel.js
FNF:0
FNH:0
DA:3,1
DA:20,1
LF:2
LH:2
BRF:0
BRH:0
end_of_record
TN:
SF:models/Message.js
FN:10,(anonymous_0)
FNF:1
FNH:0
FNDA:0,(anonymous_0)
DA:3,1
DA:10,0
DA:47,1
LF:3
LH:2
BRF:0
BRH:0
end_of_record
TN:
SF:models/Session.js
FNF:0
FNH:0
DA:3,1
DA:20,1
LF:2
LH:2
BRF:0
BRH:0
end_of_record
TN:
SF:models/User.js
FNF:0
FNH:0
DA:3,1
DA:16,1
LF:2
LH:2
BRF:0
BRH:0
end_of_record
TN:
SF:src/constants.js
FNF:0
FNH:0
DA:1,0
DA:24,0
DA:50,0
DA:56,0
DA:61,0
DA:70,0
LF:6
LH:0
BRF:0
BRH:0
end_of_record
TN:
SF:src/services.js
FN:2,onNetwork
FN:6,handleJson
FN:8,(anonymous_2)
FN:11,register
FN:21,login
FN:32,fetchSession
FN:38,logout
FN:46,fetchUsers
FN:53,addReaction
FN:63,removeReaction
FN:71,fetchRoots
FN:77,fetchThread
FN:87,createRoot
FN:97,replyThread
FN:113,fetchChannels
FN:119,createChannel
FN:132,forwardMessage
FN:143,updateMessage
FNF:18
FNH:0
FNDA:0,onNetwork
FNDA:0,handleJson
FNDA:0,(anonymous_2)
FNDA:0,register
FNDA:0,login
FNDA:0,fetchSession
FNDA:0,logout
FNDA:0,fetchUsers
FNDA:0,addReaction
FNDA:0,removeReaction
FNDA:0,fetchRoots
FNDA:0,fetchThread
FNDA:0,createRoot
FNDA:0,replyThread
FNDA:0,fetchChannels
FNDA:0,createChannel
FNDA:0,forwardMessage
FNDA:0,updateMessage
DA:3,0
DA:7,0
DA:8,0
DA:12,0
DA:22,0
DA:33,0
DA:39,0
DA:47,0
DA:54,0
DA:64,0
DA:72,0
DA:78,0
DA:79,0
DA:82,0
DA:88,0
DA:99,0
DA:100,0
DA:103,0
DA:114,0
DA:120,0
DA:133,0
DA:144,0
LF:22
LH:0
BRDA:7,0,0,0
BRDA:7,0,1,0
BRDA:71,1,0,0
BRDA:78,2,0,0
BRDA:78,2,1,0
BRDA:78,3,0,0
BRDA:78,3,1,0
BRDA:87,4,0,0
BRDA:97,5,0,0
BRDA:99,6,0,0
BRDA:99,6,1,0
BRDA:99,7,0,0
BRDA:99,7,1,0
BRDA:119,8,0,0
BRDA:132,9,0,0
BRDA:132,10,0,0
BRDA:132,11,0,0
BRF:17
BRH:0
end_of_record
TN:
SF:src/setupTests.js
FNF:0
FNH:0
LF:0
LH:0
BRF:0
BRH:0
end_of_record
TN:
SF:src/socketService.js
FN:21,initSocket
FN:40,setupListeners
FN:43,(anonymous_2)
FN:47,(anonymous_3)
FN:51,(anonymous_4)
FN:56,(anonymous_5)
FN:57,(anonymous_6)
FN:58,(anonymous_7)
FN:63,joinChannel
FN:68,joinThread
FN:74,on
FN:81,(anonymous_11)
FN:82,(anonymous_12)
FN:87,disconnect
FNF:14
FNH:0
FNDA:0,initSocket
FNDA:0,setupListeners
FNDA:0,(anonymous_2)
FNDA:0,(anonymous_3)
FNDA:0,(anonymous_4)
FNDA:0,(anonymous_5)
FNDA:0,(anonymous_6)
FNDA:0,(anonymous_7)
FNDA:0,joinChannel
FNDA:0,joinThread
FNDA:0,on
FNDA:0,(anonymous_11)
FNDA:0,(anonymous_12)
FNDA:0,disconnect
DA:3,0
DA:7,0
DA:10,0
DA:22,0
DA:23,0
DA:27,0
DA:34,0
DA:36,0
DA:41,0
DA:43,0
DA:44,0
DA:47,0
DA:48,0
DA:51,0
DA:52,0
DA:56,0
DA:57,0
DA:58,0
DA:64,0
DA:65,0
DA:69,0
DA:70,0
DA:75,0
DA:76,0
DA:78,0
DA:81,0
DA:82,0
DA:88,0
DA:89,0
DA:90,0
LF:30
LH:0
BRDA:3,0,0,0
BRDA:3,0,1,0
BRDA:22,1,0,0
BRDA:22,1,1,0
BRDA:41,2,0,0
BRDA:41,2,1,0
BRDA:64,3,0,0
BRDA:64,3,1,0
BRDA:64,4,0,0
BRDA:64,4,1,0
BRDA:69,5,0,0
BRDA:69,5,1,0
BRDA:69,6,0,0
BRDA:69,6,1,0
BRDA:75,7,0,0
BRDA:75,7,1,0
BRDA:88,8,0,0
BRDA:88,8,1,0
BRF:18
BRH:0
end_of_record
TN:
SF:src/useChatData.js
FN:12,useChatData
FN:28,(anonymous_1)
FN:32,(anonymous_2)
FN:36,(anonymous_3)
FN:40,(anonymous_4)
FN:44,(anonymous_5)
FN:45,(anonymous_6)
FN:48,(anonymous_7)
FN:51,(anonymous_8)
FN:57,(anonymous_9)
FN:60,(anonymous_10)
FN:67,(anonymous_11)
FN:69,(anonymous_12)
FN:72,(anonymous_13)
FN:78,(anonymous_14)
FN:84,(anonymous_15)
FN:86,(anonymous_16)
FN:91,(anonymous_17)
FN:97,(anonymous_18)
FN:103,(anonymous_19)
FN:108,(anonymous_20)
FN:112,(anonymous_21)
FN:117,(anonymous_22)
FN:122,(anonymous_23)
FN:127,(anonymous_24)
FN:131,(anonymous_25)
FN:132,(anonymous_26)
FN:135,(anonymous_27)
FN:145,(anonymous_28)
FN:150,(anonymous_29)
FN:154,(anonymous_30)
FN:163,(anonymous_31)
FN:164,(anonymous_32)
FN:172,(anonymous_33)
FN:173,(anonymous_34)
FN:180,(anonymous_35)
FN:192,(anonymous_36)
FN:193,(anonymous_37)
FN:201,(anonymous_38)
FN:202,(anonymous_39)
FN:207,(anonymous_40)
FN:214,(anonymous_41)
FN:218,(anonymous_42)
FN:223,(anonymous_43)
FN:224,(anonymous_44)
FN:231,(anonymous_45)
FN:243,(anonymous_46)
FNF:47
FNH:0
FNDA:0,useChatData
FNDA:0,(anonymous_1)
FNDA:0,(anonymous_2)
FNDA:0,(anonymous_3)
FNDA:0,(anonymous_4)
FNDA:0,(anonymous_5)
FNDA:0,(anonymous_6)
FNDA:0,(anonymous_7)
FNDA:0,(anonymous_8)
FNDA:0,(anonymous_9)
FNDA:0,(anonymous_10)
FNDA:0,(anonymous_11)
FNDA:0,(anonymous_12)
FNDA:0,(anonymous_13)
FNDA:0,(anonymous_14)
FNDA:0,(anonymous_15)
FNDA:0,(anonymous_16)
FNDA:0,(anonymous_17)
FNDA:0,(anonymous_18)
FNDA:0,(anonymous_19)
FNDA:0,(anonymous_20)
FNDA:0,(anonymous_21)
FNDA:0,(anonymous_22)
FNDA:0,(anonymous_23)
FNDA:0,(anonymous_24)
FNDA:0,(anonymous_25)
FNDA:0,(anonymous_26)
FNDA:0,(anonymous_27)
FNDA:0,(anonymous_28)
FNDA:0,(anonymous_29)
FNDA:0,(anonymous_30)
FNDA:0,(anonymous_31)
FNDA:0,(anonymous_32)
FNDA:0,(anonymous_33)
FNDA:0,(anonymous_34)
FNDA:0,(anonymous_35)
FNDA:0,(anonymous_36)
FNDA:0,(anonymous_37)
FNDA:0,(anonymous_38)
FNDA:0,(anonymous_39)
FNDA:0,(anonymous_40)
FNDA:0,(anonymous_41)
FNDA:0,(anonymous_42)
FNDA:0,(anonymous_43)
FNDA:0,(anonymous_44)
FNDA:0,(anonymous_45)
FNDA:0,(anonymous_46)
DA:13,0
DA:14,0
DA:15,0
DA:16,0
DA:17,0
DA:18,0
DA:19,0
DA:22,0
DA:23,0
DA:24,0
DA:25,0
DA:28,0
DA:29,0
DA:32,0
DA:33,0
DA:36,0
DA:37,0
DA:40,0
DA:41,0
DA:44,0
DA:45,0
DA:48,0
DA:49,0
DA:52,0
DA:53,0
DA:57,0
DA:58,0
DA:61,0
DA:62,0
DA:67,0
DA:68,0
DA:72,0
DA:76,0
DA:79,0
DA:80,0
DA:84,0
DA:85,0
DA:87,0
DA:91,0
DA:95,0
DA:98,0
DA:99,0
DA:103,0
DA:105,0
DA:106,0
DA:107,0
DA:108,0
DA:112,0
DA:113,0
DA:114,0
DA:117,0
DA:118,0
DA:122,0
DA:124,0
DA:127,0
DA:128,0
DA:131,0
DA:132,0
DA:135,0
DA:137,0
DA:141,0
DA:145,0
DA:146,0
DA:150,0
DA:154,0
DA:155,0
DA:156,0
DA:158,0
DA:159,0
DA:162,0
DA:163,0
DA:164,0
DA:165,0
DA:171,0
DA:172,0
DA:173,0
DA:174,0
DA:180,0
DA:182,0
DA:183,0
DA:184,0
DA:188,0
DA:192,0
DA:193,0
DA:197,0
DA:201,0
DA:202,0
DA:207,0
DA:209,0
DA:213,0
DA:214,0
DA:218,0
DA:219,0
DA:220,0
DA:222,0
DA:223,0
DA:224,0
DA:225,0
DA:231,0
DA:232,0
DA:233,0
DA:234,0
DA:235,0
DA:236,0
DA:237,0
DA:238,0
DA:243,0
DA:244,0
DA:245,0
DA:250,0
LF:110
LH:0
BRDA:52,0,0,0
BRDA:52,0,1,0
BRDA:61,1,0,0
BRDA:61,1,1,0
BRDA:74,2,0,0
BRDA:74,2,1,0
BRDA:79,3,0,0
BRDA:79,3,1,0
BRDA:89,4,0,0
BRDA:89,4,1,0
BRDA:93,5,0,0
BRDA:93,5,1,0
BRDA:98,6,0,0
BRDA:98,6,1,0
BRDA:106,7,0,0
BRDA:106,7,1,0
BRDA:108,8,0,0
BRDA:108,8,1,0
BRDA:139,9,0,0
BRDA:139,9,1,0
BRDA:141,10,0,0
BRDA:141,10,1,0
BRDA:142,11,0,0
BRDA:142,11,1,0
BRDA:146,12,0,0
BRDA:146,12,1,0
BRDA:147,13,0,0
BRDA:147,13,1,0
BRDA:155,14,0,0
BRDA:155,14,1,0
BRDA:158,15,0,0
BRDA:158,15,1,0
BRDA:158,16,0,0
BRDA:158,16,1,0
BRDA:162,17,0,0
BRDA:162,17,1,0
BRDA:162,18,0,0
BRDA:162,18,1,0
BRDA:165,19,0,0
BRDA:165,19,1,0
BRDA:171,20,0,0
BRDA:171,20,1,0
BRDA:171,21,0,0
BRDA:171,21,1,0
BRDA:174,22,0,0
BRDA:174,22,1,0
BRDA:182,23,0,0
BRDA:182,23,1,0
BRDA:185,24,0,0
BRDA:185,24,1,0
BRDA:188,25,0,0
BRDA:188,25,1,0
BRDA:189,26,0,0
BRDA:189,26,1,0
BRDA:193,27,0,0
BRDA:193,27,1,0
BRDA:197,28,0,0
BRDA:197,28,1,0
BRDA:198,29,0,0
BRDA:198,29,1,0
BRDA:202,30,0,0
BRDA:202,30,1,0
BRDA:211,31,0,0
BRDA:211,31,1,0
BRDA:213,32,0,0
BRDA:213,32,1,0
BRDA:219,33,0,0
BRDA:219,33,1,0
BRDA:222,34,0,0
BRDA:222,34,1,0
BRDA:225,35,0,0
BRDA:225,35,1,0
BRDA:244,36,0,0
BRDA:244,36,1,0
BRF:74
BRH:0
end_of_record
